<testsuites id="" name="" tests="16" failures="4" skipped="0" errors="0" time="87.102599">
<testsuite name="all-users-comprehensive.spec.js" timestamp="2025-10-17T06:49:01.292Z" hostname="chromium" tests="16" failures="4" skipped="0" time="79.545" errors="0">
<testcase name="COMPREHENSIVE E2E TESTS - ALL USERS â€º 1. Authentication Tests â€º 1.1 - Admin Login" classname="all-users-comprehensive.spec.js" time="6.922">
<failure message="all-users-comprehensive.spec.js:70:5 1.1 - Admin Login" type="FAILURE">
<![CDATA[  [chromium] â€º all-users-comprehensive.spec.js:70:5 â€º COMPREHENSIVE E2E TESTS - ALL USERS â€º 1. Authentication Tests â€º 1.1 - Admin Login 

    Error: expect(received).toBeTruthy()

    Received: null

      81 |       
      82 |       const token = await page.evaluate(() => localStorage.getItem('access_token'));
    > 83 |       expect(token).toBeTruthy();
         |                     ^
      84 |       
      85 |       expect(apiLogger.validateCall('/api/auth/login', 200)).toBe(true);
      86 |       console.log('âœ… Admin login successful');
        at C:\Users\ricka\Downloads\performile-platform-main\performile-platform-main\e2e-tests\tests\all-users-comprehensive.spec.js:83:21

    attachment #1: screenshot (image/png) â”€â”€â”€â”€â”€â”€â”€â”€â”€â”€â”€â”€â”€â”€â”€â”€â”€â”€â”€â”€â”€â”€â”€â”€â”€â”€â”€â”€â”€â”€â”€â”€â”€â”€â”€â”€â”€â”€â”€â”€â”€â”€â”€â”€â”€â”€â”€â”€â”€â”€â”€â”€â”€â”€â”€â”€â”€â”€
    ..\test-results\all-users-comprehensive-CO-e285b-ion-Tests-1-1---Admin-Login-chromium\test-failed-1.png
    â”€â”€â”€â”€â”€â”€â”€â”€â”€â”€â”€â”€â”€â”€â”€â”€â”€â”€â”€â”€â”€â”€â”€â”€â”€â”€â”€â”€â”€â”€â”€â”€â”€â”€â”€â”€â”€â”€â”€â”€â”€â”€â”€â”€â”€â”€â”€â”€â”€â”€â”€â”€â”€â”€â”€â”€â”€â”€â”€â”€â”€â”€â”€â”€â”€â”€â”€â”€â”€â”€â”€â”€â”€â”€â”€â”€â”€â”€â”€â”€â”€â”€â”€â”€â”€â”€â”€â”€â”€â”€â”€â”€â”€â”€â”€â”€

    attachment #2: video (video/webm) â”€â”€â”€â”€â”€â”€â”€â”€â”€â”€â”€â”€â”€â”€â”€â”€â”€â”€â”€â”€â”€â”€â”€â”€â”€â”€â”€â”€â”€â”€â”€â”€â”€â”€â”€â”€â”€â”€â”€â”€â”€â”€â”€â”€â”€â”€â”€â”€â”€â”€â”€â”€â”€â”€â”€â”€â”€â”€â”€â”€â”€â”€
    ..\test-results\all-users-comprehensive-CO-e285b-ion-Tests-1-1---Admin-Login-chromium\video.webm
    â”€â”€â”€â”€â”€â”€â”€â”€â”€â”€â”€â”€â”€â”€â”€â”€â”€â”€â”€â”€â”€â”€â”€â”€â”€â”€â”€â”€â”€â”€â”€â”€â”€â”€â”€â”€â”€â”€â”€â”€â”€â”€â”€â”€â”€â”€â”€â”€â”€â”€â”€â”€â”€â”€â”€â”€â”€â”€â”€â”€â”€â”€â”€â”€â”€â”€â”€â”€â”€â”€â”€â”€â”€â”€â”€â”€â”€â”€â”€â”€â”€â”€â”€â”€â”€â”€â”€â”€â”€â”€â”€â”€â”€â”€â”€â”€

    Error Context: ..\test-results\all-users-comprehensive-CO-e285b-ion-Tests-1-1---Admin-Login-chromium\error-context.md
]]>
</failure>
<system-out>
<![CDATA[
ðŸ§ª Test 1.1: Admin Login

================================================================================

=== Console Summary ===
Total logs: 16
Errors: 0
Warnings: 3

=== Network Summary ===
Total requests: 18
API requests: 3
Failed requests: 0

=== API Calls Summary ===
Total API calls: 1
Failed calls: 0
Slow calls (>1s): 1
Average response time: 1542.00ms

=== Calls by Endpoint ===
/api/auth: 1 calls

=== Slow API Calls (>1s) ===
[1542ms] POST /api/auth
================================================================================


API logs exported to: api-logs/1.1---Admin-Login.json

[[ATTACHMENT|test-results\all-users-comprehensive-CO-e285b-ion-Tests-1-1---Admin-Login-chromium\test-failed-1.png]]

[[ATTACHMENT|test-results\all-users-comprehensive-CO-e285b-ion-Tests-1-1---Admin-Login-chromium\video.webm]]

[[ATTACHMENT|test-results\all-users-comprehensive-CO-e285b-ion-Tests-1-1---Admin-Login-chromium\error-context.md]]
]]>
</system-out>
</testcase>
<testcase name="COMPREHENSIVE E2E TESTS - ALL USERS â€º 1. Authentication Tests â€º 1.2 - Merchant Login" classname="all-users-comprehensive.spec.js" time="2.728">
<failure message="all-users-comprehensive.spec.js:89:5 1.2 - Merchant Login" type="FAILURE">
<![CDATA[  [chromium] â€º all-users-comprehensive.spec.js:89:5 â€º COMPREHENSIVE E2E TESTS - ALL USERS â€º 1. Authentication Tests â€º 1.2 - Merchant Login 

    Error: expect(received).toBeTruthy()

    Received: null

      100 |       
      101 |       const token = await page.evaluate(() => localStorage.getItem('access_token'));
    > 102 |       expect(token).toBeTruthy();
          |                     ^
      103 |       
      104 |       expect(apiLogger.validateCall('/api/auth/login', 200)).toBe(true);
      105 |       console.log('âœ… Merchant login successful');
        at C:\Users\ricka\Downloads\performile-platform-main\performile-platform-main\e2e-tests\tests\all-users-comprehensive.spec.js:102:21

    attachment #1: screenshot (image/png) â”€â”€â”€â”€â”€â”€â”€â”€â”€â”€â”€â”€â”€â”€â”€â”€â”€â”€â”€â”€â”€â”€â”€â”€â”€â”€â”€â”€â”€â”€â”€â”€â”€â”€â”€â”€â”€â”€â”€â”€â”€â”€â”€â”€â”€â”€â”€â”€â”€â”€â”€â”€â”€â”€â”€â”€â”€â”€
    ..\test-results\all-users-comprehensive-CO-63dd2--Tests-1-2---Merchant-Login-chromium\test-failed-1.png
    â”€â”€â”€â”€â”€â”€â”€â”€â”€â”€â”€â”€â”€â”€â”€â”€â”€â”€â”€â”€â”€â”€â”€â”€â”€â”€â”€â”€â”€â”€â”€â”€â”€â”€â”€â”€â”€â”€â”€â”€â”€â”€â”€â”€â”€â”€â”€â”€â”€â”€â”€â”€â”€â”€â”€â”€â”€â”€â”€â”€â”€â”€â”€â”€â”€â”€â”€â”€â”€â”€â”€â”€â”€â”€â”€â”€â”€â”€â”€â”€â”€â”€â”€â”€â”€â”€â”€â”€â”€â”€â”€â”€â”€â”€â”€â”€

    attachment #2: video (video/webm) â”€â”€â”€â”€â”€â”€â”€â”€â”€â”€â”€â”€â”€â”€â”€â”€â”€â”€â”€â”€â”€â”€â”€â”€â”€â”€â”€â”€â”€â”€â”€â”€â”€â”€â”€â”€â”€â”€â”€â”€â”€â”€â”€â”€â”€â”€â”€â”€â”€â”€â”€â”€â”€â”€â”€â”€â”€â”€â”€â”€â”€â”€
    ..\test-results\all-users-comprehensive-CO-63dd2--Tests-1-2---Merchant-Login-chromium\video.webm
    â”€â”€â”€â”€â”€â”€â”€â”€â”€â”€â”€â”€â”€â”€â”€â”€â”€â”€â”€â”€â”€â”€â”€â”€â”€â”€â”€â”€â”€â”€â”€â”€â”€â”€â”€â”€â”€â”€â”€â”€â”€â”€â”€â”€â”€â”€â”€â”€â”€â”€â”€â”€â”€â”€â”€â”€â”€â”€â”€â”€â”€â”€â”€â”€â”€â”€â”€â”€â”€â”€â”€â”€â”€â”€â”€â”€â”€â”€â”€â”€â”€â”€â”€â”€â”€â”€â”€â”€â”€â”€â”€â”€â”€â”€â”€â”€

    Error Context: ..\test-results\all-users-comprehensive-CO-63dd2--Tests-1-2---Merchant-Login-chromium\error-context.md
]]>
</failure>
<system-out>
<![CDATA[
ðŸ§ª Test 1.2: Merchant Login

================================================================================

=== Console Summary ===
Total logs: 16
Errors: 0
Warnings: 3

=== Network Summary ===
Total requests: 18
API requests: 3
Failed requests: 0

=== API Calls Summary ===
Total API calls: 1
Failed calls: 0
Slow calls (>1s): 0
Average response time: 602.00ms

=== Calls by Endpoint ===
/api/auth: 1 calls
================================================================================


API logs exported to: api-logs/1.2---Merchant-Login.json

[[ATTACHMENT|test-results\all-users-comprehensive-CO-63dd2--Tests-1-2---Merchant-Login-chromium\test-failed-1.png]]

[[ATTACHMENT|test-results\all-users-comprehensive-CO-63dd2--Tests-1-2---Merchant-Login-chromium\video.webm]]

[[ATTACHMENT|test-results\all-users-comprehensive-CO-63dd2--Tests-1-2---Merchant-Login-chromium\error-context.md]]
]]>
</system-out>
</testcase>
<testcase name="COMPREHENSIVE E2E TESTS - ALL USERS â€º 1. Authentication Tests â€º 1.3 - Courier Login" classname="all-users-comprehensive.spec.js" time="2.942">
<failure message="all-users-comprehensive.spec.js:108:5 1.3 - Courier Login" type="FAILURE">
<![CDATA[  [chromium] â€º all-users-comprehensive.spec.js:108:5 â€º COMPREHENSIVE E2E TESTS - ALL USERS â€º 1. Authentication Tests â€º 1.3 - Courier Login 

    Error: expect(received).toBeTruthy()

    Received: null

      119 |       
      120 |       const token = await page.evaluate(() => localStorage.getItem('access_token'));
    > 121 |       expect(token).toBeTruthy();
          |                     ^
      122 |       
      123 |       expect(apiLogger.validateCall('/api/auth/login', 200)).toBe(true);
      124 |       console.log('âœ… Courier login successful');
        at C:\Users\ricka\Downloads\performile-platform-main\performile-platform-main\e2e-tests\tests\all-users-comprehensive.spec.js:121:21

    attachment #1: screenshot (image/png) â”€â”€â”€â”€â”€â”€â”€â”€â”€â”€â”€â”€â”€â”€â”€â”€â”€â”€â”€â”€â”€â”€â”€â”€â”€â”€â”€â”€â”€â”€â”€â”€â”€â”€â”€â”€â”€â”€â”€â”€â”€â”€â”€â”€â”€â”€â”€â”€â”€â”€â”€â”€â”€â”€â”€â”€â”€â”€
    ..\test-results\all-users-comprehensive-CO-5a8ec-n-Tests-1-3---Courier-Login-chromium\test-failed-1.png
    â”€â”€â”€â”€â”€â”€â”€â”€â”€â”€â”€â”€â”€â”€â”€â”€â”€â”€â”€â”€â”€â”€â”€â”€â”€â”€â”€â”€â”€â”€â”€â”€â”€â”€â”€â”€â”€â”€â”€â”€â”€â”€â”€â”€â”€â”€â”€â”€â”€â”€â”€â”€â”€â”€â”€â”€â”€â”€â”€â”€â”€â”€â”€â”€â”€â”€â”€â”€â”€â”€â”€â”€â”€â”€â”€â”€â”€â”€â”€â”€â”€â”€â”€â”€â”€â”€â”€â”€â”€â”€â”€â”€â”€â”€â”€â”€

    attachment #2: video (video/webm) â”€â”€â”€â”€â”€â”€â”€â”€â”€â”€â”€â”€â”€â”€â”€â”€â”€â”€â”€â”€â”€â”€â”€â”€â”€â”€â”€â”€â”€â”€â”€â”€â”€â”€â”€â”€â”€â”€â”€â”€â”€â”€â”€â”€â”€â”€â”€â”€â”€â”€â”€â”€â”€â”€â”€â”€â”€â”€â”€â”€â”€â”€
    ..\test-results\all-users-comprehensive-CO-5a8ec-n-Tests-1-3---Courier-Login-chromium\video.webm
    â”€â”€â”€â”€â”€â”€â”€â”€â”€â”€â”€â”€â”€â”€â”€â”€â”€â”€â”€â”€â”€â”€â”€â”€â”€â”€â”€â”€â”€â”€â”€â”€â”€â”€â”€â”€â”€â”€â”€â”€â”€â”€â”€â”€â”€â”€â”€â”€â”€â”€â”€â”€â”€â”€â”€â”€â”€â”€â”€â”€â”€â”€â”€â”€â”€â”€â”€â”€â”€â”€â”€â”€â”€â”€â”€â”€â”€â”€â”€â”€â”€â”€â”€â”€â”€â”€â”€â”€â”€â”€â”€â”€â”€â”€â”€â”€

    Error Context: ..\test-results\all-users-comprehensive-CO-5a8ec-n-Tests-1-3---Courier-Login-chromium\error-context.md
]]>
</failure>
<system-out>
<![CDATA[
ðŸ§ª Test 1.3: Courier Login

================================================================================

=== Console Summary ===
Total logs: 16
Errors: 0
Warnings: 3

=== Network Summary ===
Total requests: 18
API requests: 3
Failed requests: 0

=== API Calls Summary ===
Total API calls: 1
Failed calls: 0
Slow calls (>1s): 0
Average response time: 603.00ms

=== Calls by Endpoint ===
/api/auth: 1 calls
================================================================================


API logs exported to: api-logs/1.3---Courier-Login.json

[[ATTACHMENT|test-results\all-users-comprehensive-CO-5a8ec-n-Tests-1-3---Courier-Login-chromium\test-failed-1.png]]

[[ATTACHMENT|test-results\all-users-comprehensive-CO-5a8ec-n-Tests-1-3---Courier-Login-chromium\video.webm]]

[[ATTACHMENT|test-results\all-users-comprehensive-CO-5a8ec-n-Tests-1-3---Courier-Login-chromium\error-context.md]]
]]>
</system-out>
</testcase>
<testcase name="COMPREHENSIVE E2E TESTS - ALL USERS â€º 1. Authentication Tests â€º 1.4 - Consumer Login" classname="all-users-comprehensive.spec.js" time="2.93">
<failure message="all-users-comprehensive.spec.js:127:5 1.4 - Consumer Login" type="FAILURE">
<![CDATA[  [chromium] â€º all-users-comprehensive.spec.js:127:5 â€º COMPREHENSIVE E2E TESTS - ALL USERS â€º 1. Authentication Tests â€º 1.4 - Consumer Login 

    Error: expect(received).toBeTruthy()

    Received: null

      138 |       
      139 |       const token = await page.evaluate(() => localStorage.getItem('access_token'));
    > 140 |       expect(token).toBeTruthy();
          |                     ^
      141 |       
      142 |       expect(apiLogger.validateCall('/api/auth/login', 200)).toBe(true);
      143 |       console.log('âœ… Consumer login successful');
        at C:\Users\ricka\Downloads\performile-platform-main\performile-platform-main\e2e-tests\tests\all-users-comprehensive.spec.js:140:21

    attachment #1: screenshot (image/png) â”€â”€â”€â”€â”€â”€â”€â”€â”€â”€â”€â”€â”€â”€â”€â”€â”€â”€â”€â”€â”€â”€â”€â”€â”€â”€â”€â”€â”€â”€â”€â”€â”€â”€â”€â”€â”€â”€â”€â”€â”€â”€â”€â”€â”€â”€â”€â”€â”€â”€â”€â”€â”€â”€â”€â”€â”€â”€
    ..\test-results\all-users-comprehensive-CO-74254--Tests-1-4---Consumer-Login-chromium\test-failed-1.png
    â”€â”€â”€â”€â”€â”€â”€â”€â”€â”€â”€â”€â”€â”€â”€â”€â”€â”€â”€â”€â”€â”€â”€â”€â”€â”€â”€â”€â”€â”€â”€â”€â”€â”€â”€â”€â”€â”€â”€â”€â”€â”€â”€â”€â”€â”€â”€â”€â”€â”€â”€â”€â”€â”€â”€â”€â”€â”€â”€â”€â”€â”€â”€â”€â”€â”€â”€â”€â”€â”€â”€â”€â”€â”€â”€â”€â”€â”€â”€â”€â”€â”€â”€â”€â”€â”€â”€â”€â”€â”€â”€â”€â”€â”€â”€â”€

    attachment #2: video (video/webm) â”€â”€â”€â”€â”€â”€â”€â”€â”€â”€â”€â”€â”€â”€â”€â”€â”€â”€â”€â”€â”€â”€â”€â”€â”€â”€â”€â”€â”€â”€â”€â”€â”€â”€â”€â”€â”€â”€â”€â”€â”€â”€â”€â”€â”€â”€â”€â”€â”€â”€â”€â”€â”€â”€â”€â”€â”€â”€â”€â”€â”€â”€
    ..\test-results\all-users-comprehensive-CO-74254--Tests-1-4---Consumer-Login-chromium\video.webm
    â”€â”€â”€â”€â”€â”€â”€â”€â”€â”€â”€â”€â”€â”€â”€â”€â”€â”€â”€â”€â”€â”€â”€â”€â”€â”€â”€â”€â”€â”€â”€â”€â”€â”€â”€â”€â”€â”€â”€â”€â”€â”€â”€â”€â”€â”€â”€â”€â”€â”€â”€â”€â”€â”€â”€â”€â”€â”€â”€â”€â”€â”€â”€â”€â”€â”€â”€â”€â”€â”€â”€â”€â”€â”€â”€â”€â”€â”€â”€â”€â”€â”€â”€â”€â”€â”€â”€â”€â”€â”€â”€â”€â”€â”€â”€â”€

    Error Context: ..\test-results\all-users-comprehensive-CO-74254--Tests-1-4---Consumer-Login-chromium\error-context.md
]]>
</failure>
<system-out>
<![CDATA[
ðŸ§ª Test 1.4: Consumer Login

================================================================================

=== Console Summary ===
Total logs: 7
Errors: 0
Warnings: 2

=== Network Summary ===
Total requests: 15
API requests: 1
Failed requests: 0

=== API Calls Summary ===
Total API calls: 0
Failed calls: 0
Slow calls (>1s): 0
Average response time: 0.00ms

=== Calls by Endpoint ===
================================================================================


API logs exported to: api-logs/1.4---Consumer-Login.json

[[ATTACHMENT|test-results\all-users-comprehensive-CO-74254--Tests-1-4---Consumer-Login-chromium\test-failed-1.png]]

[[ATTACHMENT|test-results\all-users-comprehensive-CO-74254--Tests-1-4---Consumer-Login-chromium\video.webm]]

[[ATTACHMENT|test-results\all-users-comprehensive-CO-74254--Tests-1-4---Consumer-Login-chromium\error-context.md]]
]]>
</system-out>
</testcase>
<testcase name="COMPREHENSIVE E2E TESTS - ALL USERS â€º 1. Authentication Tests â€º 1.5 - Invalid Credentials" classname="all-users-comprehensive.spec.js" time="4.825">
<system-out>
<![CDATA[
ðŸ§ª Test 1.5: Invalid Credentials
âœ… Invalid credentials handled correctly

================================================================================

=== Console Summary ===
Total logs: 10
Errors: 3
Warnings: 2

=== Console Errors ===
[2025-10-17T06:49:25.922Z] Failed to load resource: the server responded with a status of 401 (Unauthorized)
[2025-10-17T06:49:25.925Z] Login error details: {message: Request failed with status code 401, response: Object, status: 401, url: https://performile-platform-main.vercel.app/api/auth}
[2025-10-17T06:49:25.925Z] Login error: Error: Invalid credentials
    at jxe.login (https://performile-platform-main.vercel.app/assets/js/index-C4jbIBub.js:484:6950)
    at async login (https://performile-platform-main.vercel.app/assets/js/index-C4jbIBub.js:487:92912)
    at async S (https://performile-platform-main.vercel.app/assets/js/index-C4jbIBub.js:497:18903)
    at async https://performile-platform-main.vercel.app/assets/js/index-C4jbIBub.js:494:52580

=== Network Summary ===
Total requests: 15
API requests: 1
Failed requests: 1

=== Failed Requests ===
[401] POST https://performile-platform-main.vercel.app/api/auth

=== API Calls Summary ===
Total API calls: 1
Failed calls: 1
Slow calls (>1s): 0
Average response time: 435.00ms

=== Calls by Endpoint ===
/api/auth: 1 calls

=== Failed API Calls ===
[401] POST /api/auth
  Error: Invalid credentials
================================================================================


API logs exported to: api-logs/1.5---Invalid-Credentials.json
]]>
</system-out>
</testcase>
<testcase name="COMPREHENSIVE E2E TESTS - ALL USERS â€º 2. Admin Dashboard Tests â€º 2.1 - Admin Dashboard Loads" classname="all-users-comprehensive.spec.js" time="4.466">
<system-out>
<![CDATA[
ðŸ§ª Test 2.1: Admin Dashboard
Console errors: 0
Failed API calls: 0
âœ… Admin dashboard loaded

================================================================================

=== Console Summary ===
Total logs: 18
Errors: 0
Warnings: 2

=== Network Summary ===
Total requests: 14
API requests: 6
Failed requests: 0

=== API Calls Summary ===
Total API calls: 3
Failed calls: 0
Slow calls (>1s): 1
Average response time: 938.67ms

=== Calls by Endpoint ===
/api/auth: 1 calls
/api/notifications: 1 calls
/api/trustscore/dashboard: 1 calls

=== Slow API Calls (>1s) ===
[1418ms] GET /api/trustscore/dashboard
================================================================================


API logs exported to: api-logs/2.1---Admin-Dashboard-Loads.json
]]>
</system-out>
</testcase>
<testcase name="COMPREHENSIVE E2E TESTS - ALL USERS â€º 2. Admin Dashboard Tests â€º 2.2 - Admin Can View Users" classname="all-users-comprehensive.spec.js" time="6.778">
<system-out>
<![CDATA[
ðŸ§ª Test 2.2: Admin View Users
Users section visible: true
âœ… Users section checked

================================================================================

=== Console Summary ===
Total logs: 18
Errors: 0
Warnings: 2

=== Network Summary ===
Total requests: 14
API requests: 6
Failed requests: 0

=== API Calls Summary ===
Total API calls: 5
Failed calls: 0
Slow calls (>1s): 5
Average response time: 1398.00ms

=== Calls by Endpoint ===
/api/auth: 1 calls
/api/notifications: 1 calls
/api/trustscore/dashboard: 1 calls
/api/dashboard/trends: 1 calls
/api/dashboard/recent-activity: 1 calls

=== Slow API Calls (>1s) ===
[1640ms] POST /api/auth
[1237ms] GET /api/notifications
[1699ms] GET /api/trustscore/dashboard
[1198ms] GET /api/dashboard/trends
[1216ms] GET /api/dashboard/recent-activity
================================================================================


API logs exported to: api-logs/2.2---Admin-Can-View-Users.json
]]>
</system-out>
</testcase>
<testcase name="COMPREHENSIVE E2E TESTS - ALL USERS â€º 3. Merchant Dashboard Tests - BUG DETECTION â€º 3.1 - Merchant Dashboard Bug Investigation" classname="all-users-comprehensive.spec.js" time="5.81">
<system-out>
<![CDATA[
ðŸ” Test 3.1: MERCHANT DASHBOARD BUG INVESTIGATION
Page title: Performile - Logistics Performance Platform
Current URL: https://performile-platform-main.vercel.app/#/dashboard
Headings: []

âš ï¸ CONSOLE ERRORS: 0

âš ï¸ FAILED API CALLS: 0

ðŸ“Š TOTAL API CALLS: 3
  POST /api/auth - 200 (1111ms)
  GET /api/notifications - 200 (947ms)
  GET /api/trustscore/dashboard - 200 (1455ms)

âœ… Merchant dashboard investigation complete - CHECK LOGS

================================================================================

=== Console Summary ===
Total logs: 16
Errors: 0
Warnings: 2

=== Network Summary ===
Total requests: 12
API requests: 4
Failed requests: 0

=== API Calls Summary ===
Total API calls: 3
Failed calls: 0
Slow calls (>1s): 2
Average response time: 1171.00ms

=== Calls by Endpoint ===
/api/auth: 1 calls
/api/notifications: 1 calls
/api/trustscore/dashboard: 1 calls

=== Slow API Calls (>1s) ===
[1111ms] POST /api/auth
[1455ms] GET /api/trustscore/dashboard
================================================================================


API logs exported to: api-logs/3.1---Merchant-Dashboard-Bug-Investigation.json
]]>
</system-out>
</testcase>
<testcase name="COMPREHENSIVE E2E TESTS - ALL USERS â€º 3. Merchant Dashboard Tests - BUG DETECTION â€º 3.2 - Merchant Orders Section" classname="all-users-comprehensive.spec.js" time="7.572">
<system-out>
<![CDATA[
ðŸ§ª Test 3.2: Merchant Orders
Orders section visible: true
âœ… Orders section checked

================================================================================

=== Console Summary ===
Total logs: 19
Errors: 0
Warnings: 2

=== Network Summary ===
Total requests: 15
API requests: 7
Failed requests: 0

=== API Calls Summary ===
Total API calls: 4
Failed calls: 0
Slow calls (>1s): 3
Average response time: 1221.00ms

=== Calls by Endpoint ===
/api/auth: 1 calls
/api/notifications: 1 calls
/api/trustscore/dashboard: 1 calls
/api/tracking/summary: 1 calls

=== Slow API Calls (>1s) ===
[1132ms] POST /api/auth
[1473ms] GET /api/trustscore/dashboard
[1308ms] GET /api/tracking/summary
================================================================================


API logs exported to: api-logs/3.2---Merchant-Orders-Section.json
]]>
</system-out>
</testcase>
<testcase name="COMPREHENSIVE E2E TESTS - ALL USERS â€º 3. Merchant Dashboard Tests - BUG DETECTION â€º 3.3 - Merchant Dashboard Performance" classname="all-users-comprehensive.spec.js" time="5.253">
<system-out>
<![CDATA[
ðŸ§ª Test 3.3: Merchant Performance
Average API response: 1182.33ms
Slow calls (>1s): 2
  âš ï¸ POST /api/auth - 1109ms
  âš ï¸ GET /api/trustscore/dashboard - 1473ms
âœ… Performance check complete

================================================================================

=== Console Summary ===
Total logs: 16
Errors: 0
Warnings: 2

=== Network Summary ===
Total requests: 12
API requests: 4
Failed requests: 0

=== API Calls Summary ===
Total API calls: 3
Failed calls: 0
Slow calls (>1s): 2
Average response time: 1182.33ms

=== Calls by Endpoint ===
/api/auth: 1 calls
/api/notifications: 1 calls
/api/trustscore/dashboard: 1 calls

=== Slow API Calls (>1s) ===
[1109ms] POST /api/auth
[1473ms] GET /api/trustscore/dashboard
================================================================================


API logs exported to: api-logs/3.3---Merchant-Dashboard-Performance.json
]]>
</system-out>
</testcase>
<testcase name="COMPREHENSIVE E2E TESTS - ALL USERS â€º 4. Courier Dashboard Tests â€º 4.1 - Courier Dashboard Loads" classname="all-users-comprehensive.spec.js" time="4.83">
<system-out>
<![CDATA[
ðŸ§ª Test 4.1: Courier Dashboard
Console errors: 0
Failed API calls: 0
âœ… Courier dashboard loaded

================================================================================

=== Console Summary ===
Total logs: 15
Errors: 0
Warnings: 2

=== Network Summary ===
Total requests: 11
API requests: 3
Failed requests: 0

=== API Calls Summary ===
Total API calls: 3
Failed calls: 0
Slow calls (>1s): 0
Average response time: 468.67ms

=== Calls by Endpoint ===
/api/auth: 1 calls
/api/notifications: 1 calls
/api/trustscore/dashboard: 1 calls
================================================================================


API logs exported to: api-logs/4.1---Courier-Dashboard-Loads.json
]]>
</system-out>
</testcase>
<testcase name="COMPREHENSIVE E2E TESTS - ALL USERS â€º 4. Courier Dashboard Tests â€º 4.2 - Courier Deliveries Section" classname="all-users-comprehensive.spec.js" time="4.845">
<system-out>
<![CDATA[
ðŸ§ª Test 4.2: Courier Deliveries
Deliveries section visible: false
âœ… Deliveries section checked

================================================================================

=== Console Summary ===
Total logs: 15
Errors: 0
Warnings: 2

=== Network Summary ===
Total requests: 11
API requests: 3
Failed requests: 0

=== API Calls Summary ===
Total API calls: 3
Failed calls: 0
Slow calls (>1s): 0
Average response time: 501.33ms

=== Calls by Endpoint ===
/api/auth: 1 calls
/api/notifications: 1 calls
/api/trustscore/dashboard: 1 calls
================================================================================


API logs exported to: api-logs/4.2---Courier-Deliveries-Section.json
]]>
</system-out>
</testcase>
<testcase name="COMPREHENSIVE E2E TESTS - ALL USERS â€º 5. Consumer Tests â€º 5.1 - Consumer Page Loads" classname="all-users-comprehensive.spec.js" time="4.307">
<system-out>
<![CDATA[
ðŸ§ª Test 5.1: Consumer Page
Console errors: 0
Failed API calls: 0
âœ… Consumer page loaded

================================================================================

=== Console Summary ===
Total logs: 15
Errors: 0
Warnings: 2

=== Network Summary ===
Total requests: 11
API requests: 3
Failed requests: 0

=== API Calls Summary ===
Total API calls: 3
Failed calls: 0
Slow calls (>1s): 0
Average response time: 446.67ms

=== Calls by Endpoint ===
/api/auth: 1 calls
/api/notifications: 1 calls
/api/trustscore/dashboard: 1 calls
================================================================================


API logs exported to: api-logs/5.1---Consumer-Page-Loads.json
]]>
</system-out>
</testcase>
<testcase name="COMPREHENSIVE E2E TESTS - ALL USERS â€º 5. Consumer Tests â€º 5.2 - Consumer Tracking Available" classname="all-users-comprehensive.spec.js" time="4.252">
<system-out>
<![CDATA[
ðŸ§ª Test 5.2: Consumer Tracking
Tracking section visible: true
âœ… Tracking section checked

================================================================================

=== Console Summary ===
Total logs: 15
Errors: 0
Warnings: 2

=== Network Summary ===
Total requests: 11
API requests: 3
Failed requests: 0

=== API Calls Summary ===
Total API calls: 3
Failed calls: 0
Slow calls (>1s): 0
Average response time: 474.00ms

=== Calls by Endpoint ===
/api/auth: 1 calls
/api/notifications: 1 calls
/api/trustscore/dashboard: 1 calls
================================================================================


API logs exported to: api-logs/5.2---Consumer-Tracking-Available.json
]]>
</system-out>
</testcase>
<testcase name="COMPREHENSIVE E2E TESTS - ALL USERS â€º 6. Cross-Cutting Tests â€º 6.1 - Logout Functionality" classname="all-users-comprehensive.spec.js" time="5.451">
<system-out>
<![CDATA[
ðŸ§ª Test 6.1: Logout
Logout button not found in expected locations
Token after logout: Cleared
âœ… Logout test complete

================================================================================

=== Console Summary ===
Total logs: 18
Errors: 0
Warnings: 2

=== Network Summary ===
Total requests: 14
API requests: 6
Failed requests: 0

=== API Calls Summary ===
Total API calls: 5
Failed calls: 0
Slow calls (>1s): 2
Average response time: 711.00ms

=== Calls by Endpoint ===
/api/auth: 1 calls
/api/notifications: 1 calls
/api/trustscore/dashboard: 1 calls
/api/dashboard/trends: 1 calls
/api/dashboard/recent-activity: 1 calls

=== Slow API Calls (>1s) ===
[1044ms] GET /api/dashboard/trends
[1034ms] GET /api/dashboard/recent-activity
================================================================================


API logs exported to: api-logs/6.1---Logout-Functionality.json
]]>
</system-out>
</testcase>
<testcase name="COMPREHENSIVE E2E TESTS - ALL USERS â€º 6. Cross-Cutting Tests â€º 6.2 - API Performance Overall" classname="all-users-comprehensive.spec.js" time="5.634">
<system-out>
<![CDATA[
ðŸ§ª Test 6.2: Overall API Performance
Average API response: 1110.33ms
Slow calls (>1s): 2
Failed calls: 0
âœ… Performance analysis complete

================================================================================

=== Console Summary ===
Total logs: 18
Errors: 0
Warnings: 2

=== Network Summary ===
Total requests: 14
API requests: 6
Failed requests: 0

=== API Calls Summary ===
Total API calls: 3
Failed calls: 0
Slow calls (>1s): 2
Average response time: 1110.33ms

=== Calls by Endpoint ===
/api/auth: 1 calls
/api/notifications: 1 calls
/api/trustscore/dashboard: 1 calls

=== Slow API Calls (>1s) ===
[1104ms] POST /api/auth
[1347ms] GET /api/trustscore/dashboard
================================================================================


API logs exported to: api-logs/6.2---API-Performance-Overall.json
]]>
</system-out>
</testcase>
</testsuite>
</testsuites>