<testsuites id="" name="" tests="117" failures="81" skipped="0" errors="0" time="2342.6117969999996">
<testsuite name="admin\subscription-management.spec.js" timestamp="2025-10-21T07:32:30.514Z" hostname="chromium" tests="19" failures="18" skipped="0" time="566.684" errors="0">
<testcase name="Admin Subscription Management › should display subscription management page" classname="admin\subscription-management.spec.js" time="32.35">
<failure message="subscription-management.spec.js:24:3 should display subscription management page" type="FAILURE">
<![CDATA[  [chromium] › admin\subscription-management.spec.js:24:3 › Admin Subscription Management › should display subscription management page 

    Test timeout of 30000ms exceeded while running "beforeEach" hook.

      17 |
      18 | test.describe('Admin Subscription Management', () => {
    > 19 |   test.beforeEach(async ({ page }) => {
         |        ^
      20 |     await loginAsAdmin(page);
      21 |     await page.goto('/settings?tab=subscriptions');
      22 |   });
        at C:\Users\ricka\Downloads\performile-platform-main\performile-platform-main\e2e-tests\tests\admin\subscription-management.spec.js:19:8

    Error: page.waitForURL: Test timeout of 30000ms exceeded.
    =========================== logs ===========================
    waiting for navigation to "**/dashboard" until "load"
    ============================================================

      13 |   await page.fill('input[name="password"]', 'AdminPassword123!');
      14 |   await page.click('button[type="submit"]');
    > 15 |   await page.waitForURL('**/dashboard');
         |              ^
      16 | }
      17 |
      18 | test.describe('Admin Subscription Management', () => {
        at loginAsAdmin (C:\Users\ricka\Downloads\performile-platform-main\performile-platform-main\e2e-tests\tests\admin\subscription-management.spec.js:15:14)
        at C:\Users\ricka\Downloads\performile-platform-main\performile-platform-main\e2e-tests\tests\admin\subscription-management.spec.js:20:5

    attachment #1: screenshot (image/png) ──────────────────────────────────────────────────────────
    ..\test-results\admin-subscription-managem-e3a6b-ubscription-management-page-chromium\test-failed-1.png
    ────────────────────────────────────────────────────────────────────────────────────────────────

    attachment #2: video (video/webm) ──────────────────────────────────────────────────────────────
    ..\test-results\admin-subscription-managem-e3a6b-ubscription-management-page-chromium\video.webm
    ────────────────────────────────────────────────────────────────────────────────────────────────

    Error Context: ..\test-results\admin-subscription-managem-e3a6b-ubscription-management-page-chromium\error-context.md
]]>
</failure>
<system-out>
<![CDATA[
[[ATTACHMENT|test-results\admin-subscription-managem-e3a6b-ubscription-management-page-chromium\test-failed-1.png]]

[[ATTACHMENT|test-results\admin-subscription-managem-e3a6b-ubscription-management-page-chromium\video.webm]]

[[ATTACHMENT|test-results\admin-subscription-managem-e3a6b-ubscription-management-page-chromium\error-context.md]]
]]>
</system-out>
</testcase>
<testcase name="Admin Subscription Management › should display tabs for merchant and courier plans" classname="admin\subscription-management.spec.js" time="32.14">
<failure message="subscription-management.spec.js:29:3 should display tabs for merchant and courier plans" type="FAILURE">
<![CDATA[  [chromium] › admin\subscription-management.spec.js:29:3 › Admin Subscription Management › should display tabs for merchant and courier plans 

    Test timeout of 30000ms exceeded while running "beforeEach" hook.

      17 |
      18 | test.describe('Admin Subscription Management', () => {
    > 19 |   test.beforeEach(async ({ page }) => {
         |        ^
      20 |     await loginAsAdmin(page);
      21 |     await page.goto('/settings?tab=subscriptions');
      22 |   });
        at C:\Users\ricka\Downloads\performile-platform-main\performile-platform-main\e2e-tests\tests\admin\subscription-management.spec.js:19:8

    Error: page.waitForURL: Test timeout of 30000ms exceeded.
    =========================== logs ===========================
    waiting for navigation to "**/dashboard" until "load"
    ============================================================

      13 |   await page.fill('input[name="password"]', 'AdminPassword123!');
      14 |   await page.click('button[type="submit"]');
    > 15 |   await page.waitForURL('**/dashboard');
         |              ^
      16 | }
      17 |
      18 | test.describe('Admin Subscription Management', () => {
        at loginAsAdmin (C:\Users\ricka\Downloads\performile-platform-main\performile-platform-main\e2e-tests\tests\admin\subscription-management.spec.js:15:14)
        at C:\Users\ricka\Downloads\performile-platform-main\performile-platform-main\e2e-tests\tests\admin\subscription-management.spec.js:20:5

    attachment #1: screenshot (image/png) ──────────────────────────────────────────────────────────
    ..\test-results\admin-subscription-managem-7be05--merchant-and-courier-plans-chromium\test-failed-1.png
    ────────────────────────────────────────────────────────────────────────────────────────────────

    attachment #2: video (video/webm) ──────────────────────────────────────────────────────────────
    ..\test-results\admin-subscription-managem-7be05--merchant-and-courier-plans-chromium\video.webm
    ────────────────────────────────────────────────────────────────────────────────────────────────

    Error Context: ..\test-results\admin-subscription-managem-7be05--merchant-and-courier-plans-chromium\error-context.md
]]>
</failure>
<system-out>
<![CDATA[
[[ATTACHMENT|test-results\admin-subscription-managem-7be05--merchant-and-courier-plans-chromium\test-failed-1.png]]

[[ATTACHMENT|test-results\admin-subscription-managem-7be05--merchant-and-courier-plans-chromium\video.webm]]

[[ATTACHMENT|test-results\admin-subscription-managem-7be05--merchant-and-courier-plans-chromium\error-context.md]]
]]>
</system-out>
</testcase>
<testcase name="Admin Subscription Management › should display merchant plans in table" classname="admin\subscription-management.spec.js" time="32.431">
<failure message="subscription-management.spec.js:36:3 should display merchant plans in table" type="FAILURE">
<![CDATA[  [chromium] › admin\subscription-management.spec.js:36:3 › Admin Subscription Management › should display merchant plans in table 

    Test timeout of 30000ms exceeded while running "beforeEach" hook.

      17 |
      18 | test.describe('Admin Subscription Management', () => {
    > 19 |   test.beforeEach(async ({ page }) => {
         |        ^
      20 |     await loginAsAdmin(page);
      21 |     await page.goto('/settings?tab=subscriptions');
      22 |   });
        at C:\Users\ricka\Downloads\performile-platform-main\performile-platform-main\e2e-tests\tests\admin\subscription-management.spec.js:19:8

    Error: page.waitForURL: Test timeout of 30000ms exceeded.
    =========================== logs ===========================
    waiting for navigation to "**/dashboard" until "load"
    ============================================================

      13 |   await page.fill('input[name="password"]', 'AdminPassword123!');
      14 |   await page.click('button[type="submit"]');
    > 15 |   await page.waitForURL('**/dashboard');
         |              ^
      16 | }
      17 |
      18 | test.describe('Admin Subscription Management', () => {
        at loginAsAdmin (C:\Users\ricka\Downloads\performile-platform-main\performile-platform-main\e2e-tests\tests\admin\subscription-management.spec.js:15:14)
        at C:\Users\ricka\Downloads\performile-platform-main\performile-platform-main\e2e-tests\tests\admin\subscription-management.spec.js:20:5

    attachment #1: screenshot (image/png) ──────────────────────────────────────────────────────────
    ..\test-results\admin-subscription-managem-bbb7c-lay-merchant-plans-in-table-chromium\test-failed-1.png
    ────────────────────────────────────────────────────────────────────────────────────────────────

    attachment #2: video (video/webm) ──────────────────────────────────────────────────────────────
    ..\test-results\admin-subscription-managem-bbb7c-lay-merchant-plans-in-table-chromium\video.webm
    ────────────────────────────────────────────────────────────────────────────────────────────────

    Error Context: ..\test-results\admin-subscription-managem-bbb7c-lay-merchant-plans-in-table-chromium\error-context.md
]]>
</failure>
<system-out>
<![CDATA[
[[ATTACHMENT|test-results\admin-subscription-managem-bbb7c-lay-merchant-plans-in-table-chromium\test-failed-1.png]]

[[ATTACHMENT|test-results\admin-subscription-managem-bbb7c-lay-merchant-plans-in-table-chromium\video.webm]]

[[ATTACHMENT|test-results\admin-subscription-managem-bbb7c-lay-merchant-plans-in-table-chromium\error-context.md]]
]]>
</system-out>
</testcase>
<testcase name="Admin Subscription Management › should display courier plans when switching tabs" classname="admin\subscription-management.spec.js" time="32.422">
<failure message="subscription-management.spec.js:48:3 should display courier plans when switching tabs" type="FAILURE">
<![CDATA[  [chromium] › admin\subscription-management.spec.js:48:3 › Admin Subscription Management › should display courier plans when switching tabs 

    Test timeout of 30000ms exceeded while running "beforeEach" hook.

      17 |
      18 | test.describe('Admin Subscription Management', () => {
    > 19 |   test.beforeEach(async ({ page }) => {
         |        ^
      20 |     await loginAsAdmin(page);
      21 |     await page.goto('/settings?tab=subscriptions');
      22 |   });
        at C:\Users\ricka\Downloads\performile-platform-main\performile-platform-main\e2e-tests\tests\admin\subscription-management.spec.js:19:8

    Error: page.waitForURL: Test timeout of 30000ms exceeded.
    =========================== logs ===========================
    waiting for navigation to "**/dashboard" until "load"
    ============================================================

      13 |   await page.fill('input[name="password"]', 'AdminPassword123!');
      14 |   await page.click('button[type="submit"]');
    > 15 |   await page.waitForURL('**/dashboard');
         |              ^
      16 | }
      17 |
      18 | test.describe('Admin Subscription Management', () => {
        at loginAsAdmin (C:\Users\ricka\Downloads\performile-platform-main\performile-platform-main\e2e-tests\tests\admin\subscription-management.spec.js:15:14)
        at C:\Users\ricka\Downloads\performile-platform-main\performile-platform-main\e2e-tests\tests\admin\subscription-management.spec.js:20:5

    attachment #1: screenshot (image/png) ──────────────────────────────────────────────────────────
    ..\test-results\admin-subscription-managem-0767b-r-plans-when-switching-tabs-chromium\test-failed-1.png
    ────────────────────────────────────────────────────────────────────────────────────────────────

    attachment #2: video (video/webm) ──────────────────────────────────────────────────────────────
    ..\test-results\admin-subscription-managem-0767b-r-plans-when-switching-tabs-chromium\video.webm
    ────────────────────────────────────────────────────────────────────────────────────────────────

    Error Context: ..\test-results\admin-subscription-managem-0767b-r-plans-when-switching-tabs-chromium\error-context.md
]]>
</failure>
<system-out>
<![CDATA[
[[ATTACHMENT|test-results\admin-subscription-managem-0767b-r-plans-when-switching-tabs-chromium\test-failed-1.png]]

[[ATTACHMENT|test-results\admin-subscription-managem-0767b-r-plans-when-switching-tabs-chromium\video.webm]]

[[ATTACHMENT|test-results\admin-subscription-managem-0767b-r-plans-when-switching-tabs-chromium\error-context.md]]
]]>
</system-out>
</testcase>
<testcase name="Admin Subscription Management › should open edit dialog when edit button is clicked" classname="admin\subscription-management.spec.js" time="32.498">
<failure message="subscription-management.spec.js:58:3 should open edit dialog when edit button is clicked" type="FAILURE">
<![CDATA[  [chromium] › admin\subscription-management.spec.js:58:3 › Admin Subscription Management › should open edit dialog when edit button is clicked 

    Test timeout of 30000ms exceeded while running "beforeEach" hook.

      17 |
      18 | test.describe('Admin Subscription Management', () => {
    > 19 |   test.beforeEach(async ({ page }) => {
         |        ^
      20 |     await loginAsAdmin(page);
      21 |     await page.goto('/settings?tab=subscriptions');
      22 |   });
        at C:\Users\ricka\Downloads\performile-platform-main\performile-platform-main\e2e-tests\tests\admin\subscription-management.spec.js:19:8

    Error: page.waitForURL: Test timeout of 30000ms exceeded.
    =========================== logs ===========================
    waiting for navigation to "**/dashboard" until "load"
    ============================================================

      13 |   await page.fill('input[name="password"]', 'AdminPassword123!');
      14 |   await page.click('button[type="submit"]');
    > 15 |   await page.waitForURL('**/dashboard');
         |              ^
      16 | }
      17 |
      18 | test.describe('Admin Subscription Management', () => {
        at loginAsAdmin (C:\Users\ricka\Downloads\performile-platform-main\performile-platform-main\e2e-tests\tests\admin\subscription-management.spec.js:15:14)
        at C:\Users\ricka\Downloads\performile-platform-main\performile-platform-main\e2e-tests\tests\admin\subscription-management.spec.js:20:5

    attachment #1: screenshot (image/png) ──────────────────────────────────────────────────────────
    ..\test-results\admin-subscription-managem-6e765-when-edit-button-is-clicked-chromium\test-failed-1.png
    ────────────────────────────────────────────────────────────────────────────────────────────────

    attachment #2: video (video/webm) ──────────────────────────────────────────────────────────────
    ..\test-results\admin-subscription-managem-6e765-when-edit-button-is-clicked-chromium\video.webm
    ────────────────────────────────────────────────────────────────────────────────────────────────

    Error Context: ..\test-results\admin-subscription-managem-6e765-when-edit-button-is-clicked-chromium\error-context.md
]]>
</failure>
<system-out>
<![CDATA[
[[ATTACHMENT|test-results\admin-subscription-managem-6e765-when-edit-button-is-clicked-chromium\test-failed-1.png]]

[[ATTACHMENT|test-results\admin-subscription-managem-6e765-when-edit-button-is-clicked-chromium\video.webm]]

[[ATTACHMENT|test-results\admin-subscription-managem-6e765-when-edit-button-is-clicked-chromium\error-context.md]]
]]>
</system-out>
</testcase>
<testcase name="Admin Subscription Management › should display all editable fields in dialog" classname="admin\subscription-management.spec.js" time="32.382">
<failure message="subscription-management.spec.js:72:3 should display all editable fields in dialog" type="FAILURE">
<![CDATA[  [chromium] › admin\subscription-management.spec.js:72:3 › Admin Subscription Management › should display all editable fields in dialog 

    Test timeout of 30000ms exceeded while running "beforeEach" hook.

      17 |
      18 | test.describe('Admin Subscription Management', () => {
    > 19 |   test.beforeEach(async ({ page }) => {
         |        ^
      20 |     await loginAsAdmin(page);
      21 |     await page.goto('/settings?tab=subscriptions');
      22 |   });
        at C:\Users\ricka\Downloads\performile-platform-main\performile-platform-main\e2e-tests\tests\admin\subscription-management.spec.js:19:8

    Error: page.waitForURL: Test timeout of 30000ms exceeded.
    =========================== logs ===========================
    waiting for navigation to "**/dashboard" until "load"
    ============================================================

      13 |   await page.fill('input[name="password"]', 'AdminPassword123!');
      14 |   await page.click('button[type="submit"]');
    > 15 |   await page.waitForURL('**/dashboard');
         |              ^
      16 | }
      17 |
      18 | test.describe('Admin Subscription Management', () => {
        at loginAsAdmin (C:\Users\ricka\Downloads\performile-platform-main\performile-platform-main\e2e-tests\tests\admin\subscription-management.spec.js:15:14)
        at C:\Users\ricka\Downloads\performile-platform-main\performile-platform-main\e2e-tests\tests\admin\subscription-management.spec.js:20:5

    attachment #1: screenshot (image/png) ──────────────────────────────────────────────────────────
    ..\test-results\admin-subscription-managem-f92d7-l-editable-fields-in-dialog-chromium\test-failed-1.png
    ────────────────────────────────────────────────────────────────────────────────────────────────

    attachment #2: video (video/webm) ──────────────────────────────────────────────────────────────
    ..\test-results\admin-subscription-managem-f92d7-l-editable-fields-in-dialog-chromium\video.webm
    ────────────────────────────────────────────────────────────────────────────────────────────────

    Error Context: ..\test-results\admin-subscription-managem-f92d7-l-editable-fields-in-dialog-chromium\error-context.md
]]>
</failure>
<system-out>
<![CDATA[
[[ATTACHMENT|test-results\admin-subscription-managem-f92d7-l-editable-fields-in-dialog-chromium\test-failed-1.png]]

[[ATTACHMENT|test-results\admin-subscription-managem-f92d7-l-editable-fields-in-dialog-chromium\video.webm]]

[[ATTACHMENT|test-results\admin-subscription-managem-f92d7-l-editable-fields-in-dialog-chromium\error-context.md]]
]]>
</system-out>
</testcase>
<testcase name="Admin Subscription Management › should save plan changes successfully" classname="admin\subscription-management.spec.js" time="32.71">
<failure message="subscription-management.spec.js:88:3 should save plan changes successfully" type="FAILURE">
<![CDATA[  [chromium] › admin\subscription-management.spec.js:88:3 › Admin Subscription Management › should save plan changes successfully 

    Test timeout of 30000ms exceeded while running "beforeEach" hook.

      17 |
      18 | test.describe('Admin Subscription Management', () => {
    > 19 |   test.beforeEach(async ({ page }) => {
         |        ^
      20 |     await loginAsAdmin(page);
      21 |     await page.goto('/settings?tab=subscriptions');
      22 |   });
        at C:\Users\ricka\Downloads\performile-platform-main\performile-platform-main\e2e-tests\tests\admin\subscription-management.spec.js:19:8

    Error: page.waitForURL: Test timeout of 30000ms exceeded.
    =========================== logs ===========================
    waiting for navigation to "**/dashboard" until "load"
    ============================================================

      13 |   await page.fill('input[name="password"]', 'AdminPassword123!');
      14 |   await page.click('button[type="submit"]');
    > 15 |   await page.waitForURL('**/dashboard');
         |              ^
      16 | }
      17 |
      18 | test.describe('Admin Subscription Management', () => {
        at loginAsAdmin (C:\Users\ricka\Downloads\performile-platform-main\performile-platform-main\e2e-tests\tests\admin\subscription-management.spec.js:15:14)
        at C:\Users\ricka\Downloads\performile-platform-main\performile-platform-main\e2e-tests\tests\admin\subscription-management.spec.js:20:5

    attachment #1: screenshot (image/png) ──────────────────────────────────────────────────────────
    ..\test-results\admin-subscription-managem-8e48c-e-plan-changes-successfully-chromium\test-failed-1.png
    ────────────────────────────────────────────────────────────────────────────────────────────────

    attachment #2: video (video/webm) ──────────────────────────────────────────────────────────────
    ..\test-results\admin-subscription-managem-8e48c-e-plan-changes-successfully-chromium\video.webm
    ────────────────────────────────────────────────────────────────────────────────────────────────

    Error Context: ..\test-results\admin-subscription-managem-8e48c-e-plan-changes-successfully-chromium\error-context.md
]]>
</failure>
<system-out>
<![CDATA[
[[ATTACHMENT|test-results\admin-subscription-managem-8e48c-e-plan-changes-successfully-chromium\test-failed-1.png]]

[[ATTACHMENT|test-results\admin-subscription-managem-8e48c-e-plan-changes-successfully-chromium\video.webm]]

[[ATTACHMENT|test-results\admin-subscription-managem-8e48c-e-plan-changes-successfully-chromium\error-context.md]]
]]>
</system-out>
</testcase>
<testcase name="Admin Subscription Management › should close dialog when cancel is clicked" classname="admin\subscription-management.spec.js" time="32.201">
<failure message="subscription-management.spec.js:108:3 should close dialog when cancel is clicked" type="FAILURE">
<![CDATA[  [chromium] › admin\subscription-management.spec.js:108:3 › Admin Subscription Management › should close dialog when cancel is clicked 

    Test timeout of 30000ms exceeded while running "beforeEach" hook.

      17 |
      18 | test.describe('Admin Subscription Management', () => {
    > 19 |   test.beforeEach(async ({ page }) => {
         |        ^
      20 |     await loginAsAdmin(page);
      21 |     await page.goto('/settings?tab=subscriptions');
      22 |   });
        at C:\Users\ricka\Downloads\performile-platform-main\performile-platform-main\e2e-tests\tests\admin\subscription-management.spec.js:19:8

    Error: page.waitForURL: Test timeout of 30000ms exceeded.
    =========================== logs ===========================
    waiting for navigation to "**/dashboard" until "load"
    ============================================================

      13 |   await page.fill('input[name="password"]', 'AdminPassword123!');
      14 |   await page.click('button[type="submit"]');
    > 15 |   await page.waitForURL('**/dashboard');
         |              ^
      16 | }
      17 |
      18 | test.describe('Admin Subscription Management', () => {
        at loginAsAdmin (C:\Users\ricka\Downloads\performile-platform-main\performile-platform-main\e2e-tests\tests\admin\subscription-management.spec.js:15:14)
        at C:\Users\ricka\Downloads\performile-platform-main\performile-platform-main\e2e-tests\tests\admin\subscription-management.spec.js:20:5

    attachment #1: screenshot (image/png) ──────────────────────────────────────────────────────────
    ..\test-results\admin-subscription-managem-c2025-alog-when-cancel-is-clicked-chromium\test-failed-1.png
    ────────────────────────────────────────────────────────────────────────────────────────────────

    attachment #2: video (video/webm) ──────────────────────────────────────────────────────────────
    ..\test-results\admin-subscription-managem-c2025-alog-when-cancel-is-clicked-chromium\video.webm
    ────────────────────────────────────────────────────────────────────────────────────────────────

    Error Context: ..\test-results\admin-subscription-managem-c2025-alog-when-cancel-is-clicked-chromium\error-context.md
]]>
</failure>
<system-out>
<![CDATA[
[[ATTACHMENT|test-results\admin-subscription-managem-c2025-alog-when-cancel-is-clicked-chromium\test-failed-1.png]]

[[ATTACHMENT|test-results\admin-subscription-managem-c2025-alog-when-cancel-is-clicked-chromium\video.webm]]

[[ATTACHMENT|test-results\admin-subscription-managem-c2025-alog-when-cancel-is-clicked-chromium\error-context.md]]
]]>
</system-out>
</testcase>
<testcase name="Admin Subscription Management › should toggle plan active status" classname="admin\subscription-management.spec.js" time="32.227">
<failure message="subscription-management.spec.js:124:3 should toggle plan active status" type="FAILURE">
<![CDATA[  [chromium] › admin\subscription-management.spec.js:124:3 › Admin Subscription Management › should toggle plan active status 

    Test timeout of 30000ms exceeded while running "beforeEach" hook.

      17 |
      18 | test.describe('Admin Subscription Management', () => {
    > 19 |   test.beforeEach(async ({ page }) => {
         |        ^
      20 |     await loginAsAdmin(page);
      21 |     await page.goto('/settings?tab=subscriptions');
      22 |   });
        at C:\Users\ricka\Downloads\performile-platform-main\performile-platform-main\e2e-tests\tests\admin\subscription-management.spec.js:19:8

    Error: page.waitForURL: Test timeout of 30000ms exceeded.
    =========================== logs ===========================
    waiting for navigation to "**/dashboard" until "load"
    ============================================================

      13 |   await page.fill('input[name="password"]', 'AdminPassword123!');
      14 |   await page.click('button[type="submit"]');
    > 15 |   await page.waitForURL('**/dashboard');
         |              ^
      16 | }
      17 |
      18 | test.describe('Admin Subscription Management', () => {
        at loginAsAdmin (C:\Users\ricka\Downloads\performile-platform-main\performile-platform-main\e2e-tests\tests\admin\subscription-management.spec.js:15:14)
        at C:\Users\ricka\Downloads\performile-platform-main\performile-platform-main\e2e-tests\tests\admin\subscription-management.spec.js:20:5

    attachment #1: screenshot (image/png) ──────────────────────────────────────────────────────────
    ..\test-results\admin-subscription-managem-1e564-d-toggle-plan-active-status-chromium\test-failed-1.png
    ────────────────────────────────────────────────────────────────────────────────────────────────

    attachment #2: video (video/webm) ──────────────────────────────────────────────────────────────
    ..\test-results\admin-subscription-managem-1e564-d-toggle-plan-active-status-chromium\video.webm
    ────────────────────────────────────────────────────────────────────────────────────────────────

    Error Context: ..\test-results\admin-subscription-managem-1e564-d-toggle-plan-active-status-chromium\error-context.md
]]>
</failure>
<system-out>
<![CDATA[
[[ATTACHMENT|test-results\admin-subscription-managem-1e564-d-toggle-plan-active-status-chromium\test-failed-1.png]]

[[ATTACHMENT|test-results\admin-subscription-managem-1e564-d-toggle-plan-active-status-chromium\video.webm]]

[[ATTACHMENT|test-results\admin-subscription-managem-1e564-d-toggle-plan-active-status-chromium\error-context.md]]
]]>
</system-out>
</testcase>
<testcase name="Admin Subscription Management › should display plan features in dialog" classname="admin\subscription-management.spec.js" time="32.129">
<failure message="subscription-management.spec.js:141:3 should display plan features in dialog" type="FAILURE">
<![CDATA[  [chromium] › admin\subscription-management.spec.js:141:3 › Admin Subscription Management › should display plan features in dialog 

    Test timeout of 30000ms exceeded while running "beforeEach" hook.

      17 |
      18 | test.describe('Admin Subscription Management', () => {
    > 19 |   test.beforeEach(async ({ page }) => {
         |        ^
      20 |     await loginAsAdmin(page);
      21 |     await page.goto('/settings?tab=subscriptions');
      22 |   });
        at C:\Users\ricka\Downloads\performile-platform-main\performile-platform-main\e2e-tests\tests\admin\subscription-management.spec.js:19:8

    Error: page.waitForURL: Test timeout of 30000ms exceeded.
    =========================== logs ===========================
    waiting for navigation to "**/dashboard" until "load"
    ============================================================

      13 |   await page.fill('input[name="password"]', 'AdminPassword123!');
      14 |   await page.click('button[type="submit"]');
    > 15 |   await page.waitForURL('**/dashboard');
         |              ^
      16 | }
      17 |
      18 | test.describe('Admin Subscription Management', () => {
        at loginAsAdmin (C:\Users\ricka\Downloads\performile-platform-main\performile-platform-main\e2e-tests\tests\admin\subscription-management.spec.js:15:14)
        at C:\Users\ricka\Downloads\performile-platform-main\performile-platform-main\e2e-tests\tests\admin\subscription-management.spec.js:20:5

    attachment #1: screenshot (image/png) ──────────────────────────────────────────────────────────
    ..\test-results\admin-subscription-managem-568bb-lay-plan-features-in-dialog-chromium\test-failed-1.png
    ────────────────────────────────────────────────────────────────────────────────────────────────

    attachment #2: video (video/webm) ──────────────────────────────────────────────────────────────
    ..\test-results\admin-subscription-managem-568bb-lay-plan-features-in-dialog-chromium\video.webm
    ────────────────────────────────────────────────────────────────────────────────────────────────

    Error Context: ..\test-results\admin-subscription-managem-568bb-lay-plan-features-in-dialog-chromium\error-context.md
]]>
</failure>
<system-out>
<![CDATA[
[[ATTACHMENT|test-results\admin-subscription-managem-568bb-lay-plan-features-in-dialog-chromium\test-failed-1.png]]

[[ATTACHMENT|test-results\admin-subscription-managem-568bb-lay-plan-features-in-dialog-chromium\video.webm]]

[[ATTACHMENT|test-results\admin-subscription-managem-568bb-lay-plan-features-in-dialog-chromium\error-context.md]]
]]>
</system-out>
</testcase>
<testcase name="Admin Subscription Management › should validate required fields" classname="admin\subscription-management.spec.js" time="32.236">
<failure message="subscription-management.spec.js:154:3 should validate required fields" type="FAILURE">
<![CDATA[  [chromium] › admin\subscription-management.spec.js:154:3 › Admin Subscription Management › should validate required fields 

    Test timeout of 30000ms exceeded while running "beforeEach" hook.

      17 |
      18 | test.describe('Admin Subscription Management', () => {
    > 19 |   test.beforeEach(async ({ page }) => {
         |        ^
      20 |     await loginAsAdmin(page);
      21 |     await page.goto('/settings?tab=subscriptions');
      22 |   });
        at C:\Users\ricka\Downloads\performile-platform-main\performile-platform-main\e2e-tests\tests\admin\subscription-management.spec.js:19:8

    Error: page.waitForURL: Test timeout of 30000ms exceeded.
    =========================== logs ===========================
    waiting for navigation to "**/dashboard" until "load"
    ============================================================

      13 |   await page.fill('input[name="password"]', 'AdminPassword123!');
      14 |   await page.click('button[type="submit"]');
    > 15 |   await page.waitForURL('**/dashboard');
         |              ^
      16 | }
      17 |
      18 | test.describe('Admin Subscription Management', () => {
        at loginAsAdmin (C:\Users\ricka\Downloads\performile-platform-main\performile-platform-main\e2e-tests\tests\admin\subscription-management.spec.js:15:14)
        at C:\Users\ricka\Downloads\performile-platform-main\performile-platform-main\e2e-tests\tests\admin\subscription-management.spec.js:20:5

    attachment #1: screenshot (image/png) ──────────────────────────────────────────────────────────
    ..\test-results\admin-subscription-managem-9afa1-ld-validate-required-fields-chromium\test-failed-1.png
    ────────────────────────────────────────────────────────────────────────────────────────────────

    attachment #2: video (video/webm) ──────────────────────────────────────────────────────────────
    ..\test-results\admin-subscription-managem-9afa1-ld-validate-required-fields-chromium\video.webm
    ────────────────────────────────────────────────────────────────────────────────────────────────

    Error Context: ..\test-results\admin-subscription-managem-9afa1-ld-validate-required-fields-chromium\error-context.md
]]>
</failure>
<system-out>
<![CDATA[
[[ATTACHMENT|test-results\admin-subscription-managem-9afa1-ld-validate-required-fields-chromium\test-failed-1.png]]

[[ATTACHMENT|test-results\admin-subscription-managem-9afa1-ld-validate-required-fields-chromium\video.webm]]

[[ATTACHMENT|test-results\admin-subscription-managem-9afa1-ld-validate-required-fields-chromium\error-context.md]]
]]>
</system-out>
</testcase>
<testcase name="Admin Subscription Management › should display tier information" classname="admin\subscription-management.spec.js" time="32.237">
<failure message="subscription-management.spec.js:175:3 should display tier information" type="FAILURE">
<![CDATA[  [chromium] › admin\subscription-management.spec.js:175:3 › Admin Subscription Management › should display tier information 

    Test timeout of 30000ms exceeded while running "beforeEach" hook.

      17 |
      18 | test.describe('Admin Subscription Management', () => {
    > 19 |   test.beforeEach(async ({ page }) => {
         |        ^
      20 |     await loginAsAdmin(page);
      21 |     await page.goto('/settings?tab=subscriptions');
      22 |   });
        at C:\Users\ricka\Downloads\performile-platform-main\performile-platform-main\e2e-tests\tests\admin\subscription-management.spec.js:19:8

    Error: page.waitForURL: Test timeout of 30000ms exceeded.
    =========================== logs ===========================
    waiting for navigation to "**/dashboard" until "load"
    ============================================================

      13 |   await page.fill('input[name="password"]', 'AdminPassword123!');
      14 |   await page.click('button[type="submit"]');
    > 15 |   await page.waitForURL('**/dashboard');
         |              ^
      16 | }
      17 |
      18 | test.describe('Admin Subscription Management', () => {
        at loginAsAdmin (C:\Users\ricka\Downloads\performile-platform-main\performile-platform-main\e2e-tests\tests\admin\subscription-management.spec.js:15:14)
        at C:\Users\ricka\Downloads\performile-platform-main\performile-platform-main\e2e-tests\tests\admin\subscription-management.spec.js:20:5

    attachment #1: screenshot (image/png) ──────────────────────────────────────────────────────────
    ..\test-results\admin-subscription-managem-03c53-ld-display-tier-information-chromium\test-failed-1.png
    ────────────────────────────────────────────────────────────────────────────────────────────────

    attachment #2: video (video/webm) ──────────────────────────────────────────────────────────────
    ..\test-results\admin-subscription-managem-03c53-ld-display-tier-information-chromium\video.webm
    ────────────────────────────────────────────────────────────────────────────────────────────────

    Error Context: ..\test-results\admin-subscription-managem-03c53-ld-display-tier-information-chromium\error-context.md
]]>
</failure>
<system-out>
<![CDATA[
[[ATTACHMENT|test-results\admin-subscription-managem-03c53-ld-display-tier-information-chromium\test-failed-1.png]]

[[ATTACHMENT|test-results\admin-subscription-managem-03c53-ld-display-tier-information-chromium\video.webm]]

[[ATTACHMENT|test-results\admin-subscription-managem-03c53-ld-display-tier-information-chromium\error-context.md]]
]]>
</system-out>
</testcase>
<testcase name="Admin Subscription Management › should display popular badge for popular plans" classname="admin\subscription-management.spec.js" time="32.46">
<failure message="subscription-management.spec.js:185:3 should display popular badge for popular plans" type="FAILURE">
<![CDATA[  [chromium] › admin\subscription-management.spec.js:185:3 › Admin Subscription Management › should display popular badge for popular plans 

    Test timeout of 30000ms exceeded while running "beforeEach" hook.

      17 |
      18 | test.describe('Admin Subscription Management', () => {
    > 19 |   test.beforeEach(async ({ page }) => {
         |        ^
      20 |     await loginAsAdmin(page);
      21 |     await page.goto('/settings?tab=subscriptions');
      22 |   });
        at C:\Users\ricka\Downloads\performile-platform-main\performile-platform-main\e2e-tests\tests\admin\subscription-management.spec.js:19:8

    Error: page.waitForURL: Test timeout of 30000ms exceeded.
    =========================== logs ===========================
    waiting for navigation to "**/dashboard" until "load"
    ============================================================

      13 |   await page.fill('input[name="password"]', 'AdminPassword123!');
      14 |   await page.click('button[type="submit"]');
    > 15 |   await page.waitForURL('**/dashboard');
         |              ^
      16 | }
      17 |
      18 | test.describe('Admin Subscription Management', () => {
        at loginAsAdmin (C:\Users\ricka\Downloads\performile-platform-main\performile-platform-main\e2e-tests\tests\admin\subscription-management.spec.js:15:14)
        at C:\Users\ricka\Downloads\performile-platform-main\performile-platform-main\e2e-tests\tests\admin\subscription-management.spec.js:20:5

    attachment #1: screenshot (image/png) ──────────────────────────────────────────────────────────
    ..\test-results\admin-subscription-managem-e1bcf-lar-badge-for-popular-plans-chromium\test-failed-1.png
    ────────────────────────────────────────────────────────────────────────────────────────────────

    attachment #2: video (video/webm) ──────────────────────────────────────────────────────────────
    ..\test-results\admin-subscription-managem-e1bcf-lar-badge-for-popular-plans-chromium\video.webm
    ────────────────────────────────────────────────────────────────────────────────────────────────

    Error Context: ..\test-results\admin-subscription-managem-e1bcf-lar-badge-for-popular-plans-chromium\error-context.md
]]>
</failure>
<system-out>
<![CDATA[
[[ATTACHMENT|test-results\admin-subscription-managem-e1bcf-lar-badge-for-popular-plans-chromium\test-failed-1.png]]

[[ATTACHMENT|test-results\admin-subscription-managem-e1bcf-lar-badge-for-popular-plans-chromium\video.webm]]

[[ATTACHMENT|test-results\admin-subscription-managem-e1bcf-lar-badge-for-popular-plans-chromium\error-context.md]]
]]>
</system-out>
</testcase>
<testcase name="Admin Subscription Management - Error Handling › should handle save errors gracefully" classname="admin\subscription-management.spec.js" time="34.725">
<failure message="subscription-management.spec.js:203:3 should handle save errors gracefully" type="FAILURE">
<![CDATA[  [chromium] › admin\subscription-management.spec.js:203:3 › Admin Subscription Management - Error Handling › should handle save errors gracefully 

    Test timeout of 30000ms exceeded while running "beforeEach" hook.

      196 |
      197 | test.describe('Admin Subscription Management - Error Handling', () => {
    > 198 |   test.beforeEach(async ({ page }) => {
          |        ^
      199 |     await loginAsAdmin(page);
      200 |     await page.goto('/settings?tab=subscriptions');
      201 |   });
        at C:\Users\ricka\Downloads\performile-platform-main\performile-platform-main\e2e-tests\tests\admin\subscription-management.spec.js:198:8

    Error: page.waitForURL: Test timeout of 30000ms exceeded.
    =========================== logs ===========================
    waiting for navigation to "**/dashboard" until "load"
    ============================================================

      13 |   await page.fill('input[name="password"]', 'AdminPassword123!');
      14 |   await page.click('button[type="submit"]');
    > 15 |   await page.waitForURL('**/dashboard');
         |              ^
      16 | }
      17 |
      18 | test.describe('Admin Subscription Management', () => {
        at loginAsAdmin (C:\Users\ricka\Downloads\performile-platform-main\performile-platform-main\e2e-tests\tests\admin\subscription-management.spec.js:15:14)
        at C:\Users\ricka\Downloads\performile-platform-main\performile-platform-main\e2e-tests\tests\admin\subscription-management.spec.js:199:5

    attachment #1: screenshot (image/png) ──────────────────────────────────────────────────────────
    ..\test-results\admin-subscription-managem-7904b-ndle-save-errors-gracefully-chromium\test-failed-1.png
    ────────────────────────────────────────────────────────────────────────────────────────────────

    attachment #2: video (video/webm) ──────────────────────────────────────────────────────────────
    ..\test-results\admin-subscription-managem-7904b-ndle-save-errors-gracefully-chromium\video.webm
    ────────────────────────────────────────────────────────────────────────────────────────────────

    Error Context: ..\test-results\admin-subscription-managem-7904b-ndle-save-errors-gracefully-chromium\error-context.md
]]>
</failure>
<system-out>
<![CDATA[
[[ATTACHMENT|test-results\admin-subscription-managem-7904b-ndle-save-errors-gracefully-chromium\test-failed-1.png]]

[[ATTACHMENT|test-results\admin-subscription-managem-7904b-ndle-save-errors-gracefully-chromium\video.webm]]

[[ATTACHMENT|test-results\admin-subscription-managem-7904b-ndle-save-errors-gracefully-chromium\error-context.md]]
]]>
</system-out>
</testcase>
<testcase name="Admin Subscription Management - Error Handling › should show loading state while fetching plans" classname="admin\subscription-management.spec.js" time="34.229">
<failure message="subscription-management.spec.js:224:3 should show loading state while fetching plans" type="FAILURE">
<![CDATA[  [chromium] › admin\subscription-management.spec.js:224:3 › Admin Subscription Management - Error Handling › should show loading state while fetching plans 

    Test timeout of 30000ms exceeded while running "beforeEach" hook.

      196 |
      197 | test.describe('Admin Subscription Management - Error Handling', () => {
    > 198 |   test.beforeEach(async ({ page }) => {
          |        ^
      199 |     await loginAsAdmin(page);
      200 |     await page.goto('/settings?tab=subscriptions');
      201 |   });
        at C:\Users\ricka\Downloads\performile-platform-main\performile-platform-main\e2e-tests\tests\admin\subscription-management.spec.js:198:8

    Error: page.waitForURL: Test timeout of 30000ms exceeded.
    =========================== logs ===========================
    waiting for navigation to "**/dashboard" until "load"
    ============================================================

      13 |   await page.fill('input[name="password"]', 'AdminPassword123!');
      14 |   await page.click('button[type="submit"]');
    > 15 |   await page.waitForURL('**/dashboard');
         |              ^
      16 | }
      17 |
      18 | test.describe('Admin Subscription Management', () => {
        at loginAsAdmin (C:\Users\ricka\Downloads\performile-platform-main\performile-platform-main\e2e-tests\tests\admin\subscription-management.spec.js:15:14)
        at C:\Users\ricka\Downloads\performile-platform-main\performile-platform-main\e2e-tests\tests\admin\subscription-management.spec.js:199:5

    attachment #1: screenshot (image/png) ──────────────────────────────────────────────────────────
    ..\test-results\admin-subscription-managem-f6af4--state-while-fetching-plans-chromium\test-failed-1.png
    ────────────────────────────────────────────────────────────────────────────────────────────────

    attachment #2: video (video/webm) ──────────────────────────────────────────────────────────────
    ..\test-results\admin-subscription-managem-f6af4--state-while-fetching-plans-chromium\video.webm
    ────────────────────────────────────────────────────────────────────────────────────────────────

    Error Context: ..\test-results\admin-subscription-managem-f6af4--state-while-fetching-plans-chromium\error-context.md
]]>
</failure>
<system-out>
<![CDATA[
[[ATTACHMENT|test-results\admin-subscription-managem-f6af4--state-while-fetching-plans-chromium\test-failed-1.png]]

[[ATTACHMENT|test-results\admin-subscription-managem-f6af4--state-while-fetching-plans-chromium\video.webm]]

[[ATTACHMENT|test-results\admin-subscription-managem-f6af4--state-while-fetching-plans-chromium\error-context.md]]
]]>
</system-out>
</testcase>
<testcase name="Admin Subscription Management - Access Control › should not be accessible to non-admin users" classname="admin\subscription-management.spec.js" time="3.7">
</testcase>
<testcase name="Admin Subscription Management - Access Control › should redirect non-admin users attempting direct access" classname="admin\subscription-management.spec.js" time="3.653">
<failure message="subscription-management.spec.js:253:3 should redirect non-admin users attempting direct access" type="FAILURE">
<![CDATA[  [chromium] › admin\subscription-management.spec.js:253:3 › Admin Subscription Management - Access Control › should redirect non-admin users attempting direct access 

    Error: expect(received).toBeFalsy()

    Received: true

      263 |     // Should redirect away from admin page
      264 |     const currentUrl = page.url();
    > 265 |     expect(currentUrl.includes('/admin/subscriptions')).toBeFalsy();
          |                                                         ^
      266 |   });
      267 | });
      268 |
        at C:\Users\ricka\Downloads\performile-platform-main\performile-platform-main\e2e-tests\tests\admin\subscription-management.spec.js:265:57

    attachment #1: screenshot (image/png) ──────────────────────────────────────────────────────────
    ..\test-results\admin-subscription-managem-a8e7e-rs-attempting-direct-access-chromium\test-failed-1.png
    ────────────────────────────────────────────────────────────────────────────────────────────────

    attachment #2: video (video/webm) ──────────────────────────────────────────────────────────────
    ..\test-results\admin-subscription-managem-a8e7e-rs-attempting-direct-access-chromium\video.webm
    ────────────────────────────────────────────────────────────────────────────────────────────────

    Error Context: ..\test-results\admin-subscription-managem-a8e7e-rs-attempting-direct-access-chromium\error-context.md
]]>
</failure>
<system-out>
<![CDATA[
[[ATTACHMENT|test-results\admin-subscription-managem-a8e7e-rs-attempting-direct-access-chromium\test-failed-1.png]]

[[ATTACHMENT|test-results\admin-subscription-managem-a8e7e-rs-attempting-direct-access-chromium\video.webm]]

[[ATTACHMENT|test-results\admin-subscription-managem-a8e7e-rs-attempting-direct-access-chromium\error-context.md]]
]]>
</system-out>
</testcase>
<testcase name="Admin Subscription Management - Data Validation › should not allow negative prices" classname="admin\subscription-management.spec.js" time="35.051">
<failure message="subscription-management.spec.js:275:3 should not allow negative prices" type="FAILURE">
<![CDATA[  [chromium] › admin\subscription-management.spec.js:275:3 › Admin Subscription Management - Data Validation › should not allow negative prices 

    Test timeout of 30000ms exceeded while running "beforeEach" hook.

      268 |
      269 | test.describe('Admin Subscription Management - Data Validation', () => {
    > 270 |   test.beforeEach(async ({ page }) => {
          |        ^
      271 |     await loginAsAdmin(page);
      272 |     await page.goto('/settings?tab=subscriptions');
      273 |   });
        at C:\Users\ricka\Downloads\performile-platform-main\performile-platform-main\e2e-tests\tests\admin\subscription-management.spec.js:270:8

    Error: page.waitForURL: Test timeout of 30000ms exceeded.
    =========================== logs ===========================
    waiting for navigation to "**/dashboard" until "load"
    ============================================================

      13 |   await page.fill('input[name="password"]', 'AdminPassword123!');
      14 |   await page.click('button[type="submit"]');
    > 15 |   await page.waitForURL('**/dashboard');
         |              ^
      16 | }
      17 |
      18 | test.describe('Admin Subscription Management', () => {
        at loginAsAdmin (C:\Users\ricka\Downloads\performile-platform-main\performile-platform-main\e2e-tests\tests\admin\subscription-management.spec.js:15:14)
        at C:\Users\ricka\Downloads\performile-platform-main\performile-platform-main\e2e-tests\tests\admin\subscription-management.spec.js:271:5

    attachment #1: screenshot (image/png) ──────────────────────────────────────────────────────────
    ..\test-results\admin-subscription-managem-2b739-d-not-allow-negative-prices-chromium\test-failed-1.png
    ────────────────────────────────────────────────────────────────────────────────────────────────

    attachment #2: video (video/webm) ──────────────────────────────────────────────────────────────
    ..\test-results\admin-subscription-managem-2b739-d-not-allow-negative-prices-chromium\video.webm
    ────────────────────────────────────────────────────────────────────────────────────────────────

    Error Context: ..\test-results\admin-subscription-managem-2b739-d-not-allow-negative-prices-chromium\error-context.md
]]>
</failure>
<system-out>
<![CDATA[
[[ATTACHMENT|test-results\admin-subscription-managem-2b739-d-not-allow-negative-prices-chromium\test-failed-1.png]]

[[ATTACHMENT|test-results\admin-subscription-managem-2b739-d-not-allow-negative-prices-chromium\video.webm]]

[[ATTACHMENT|test-results\admin-subscription-managem-2b739-d-not-allow-negative-prices-chromium\error-context.md]]
]]>
</system-out>
</testcase>
<testcase name="Admin Subscription Management - Data Validation › should validate annual price is less than 12x monthly" classname="admin\subscription-management.spec.js" time="34.903">
<failure message="subscription-management.spec.js:296:3 should validate annual price is less than 12x monthly" type="FAILURE">
<![CDATA[  [chromium] › admin\subscription-management.spec.js:296:3 › Admin Subscription Management - Data Validation › should validate annual price is less than 12x monthly 

    Test timeout of 30000ms exceeded while running "beforeEach" hook.

      268 |
      269 | test.describe('Admin Subscription Management - Data Validation', () => {
    > 270 |   test.beforeEach(async ({ page }) => {
          |        ^
      271 |     await loginAsAdmin(page);
      272 |     await page.goto('/settings?tab=subscriptions');
      273 |   });
        at C:\Users\ricka\Downloads\performile-platform-main\performile-platform-main\e2e-tests\tests\admin\subscription-management.spec.js:270:8

    Error: page.waitForURL: Test timeout of 30000ms exceeded.
    =========================== logs ===========================
    waiting for navigation to "**/dashboard" until "load"
    ============================================================

      13 |   await page.fill('input[name="password"]', 'AdminPassword123!');
      14 |   await page.click('button[type="submit"]');
    > 15 |   await page.waitForURL('**/dashboard');
         |              ^
      16 | }
      17 |
      18 | test.describe('Admin Subscription Management', () => {
        at loginAsAdmin (C:\Users\ricka\Downloads\performile-platform-main\performile-platform-main\e2e-tests\tests\admin\subscription-management.spec.js:15:14)
        at C:\Users\ricka\Downloads\performile-platform-main\performile-platform-main\e2e-tests\tests\admin\subscription-management.spec.js:271:5

    attachment #1: screenshot (image/png) ──────────────────────────────────────────────────────────
    ..\test-results\admin-subscription-managem-aa7c2-ce-is-less-than-12x-monthly-chromium\test-failed-1.png
    ────────────────────────────────────────────────────────────────────────────────────────────────

    attachment #2: video (video/webm) ──────────────────────────────────────────────────────────────
    ..\test-results\admin-subscription-managem-aa7c2-ce-is-less-than-12x-monthly-chromium\video.webm
    ────────────────────────────────────────────────────────────────────────────────────────────────

    Error Context: ..\test-results\admin-subscription-managem-aa7c2-ce-is-less-than-12x-monthly-chromium\error-context.md
]]>
</failure>
<system-out>
<![CDATA[
[[ATTACHMENT|test-results\admin-subscription-managem-aa7c2-ce-is-less-than-12x-monthly-chromium\test-failed-1.png]]

[[ATTACHMENT|test-results\admin-subscription-managem-aa7c2-ce-is-less-than-12x-monthly-chromium\video.webm]]

[[ATTACHMENT|test-results\admin-subscription-managem-aa7c2-ce-is-less-than-12x-monthly-chromium\error-context.md]]
]]>
</system-out>
</testcase>
</testsuite>
<testsuite name="all-users-comprehensive.spec.js" timestamp="2025-10-21T07:32:30.514Z" hostname="chromium" tests="16" failures="1" skipped="0" time="75.187" errors="0">
<testcase name="COMPREHENSIVE E2E TESTS - ALL USERS › 1. Authentication Tests › 1.1 - Admin Login" classname="all-users-comprehensive.spec.js" time="4.237">
<system-out>
<![CDATA[
🧪 Test 1.1: Admin Login
✅ Admin login successful

================================================================================

=== Console Summary ===
Total logs: 18
Errors: 0
Warnings: 3

=== Network Summary ===
Total requests: 25
API requests: 3
Failed requests: 0

=== API Calls Summary ===
Total API calls: 1
Failed calls: 0
Slow calls (>1s): 1
Average response time: 1376.00ms

=== Calls by Endpoint ===
/api/auth: 1 calls

=== Slow API Calls (>1s) ===
[1376ms] POST /api/auth
================================================================================


API logs exported to: api-logs/1.1---Admin-Login.json
]]>
</system-out>
</testcase>
<testcase name="COMPREHENSIVE E2E TESTS - ALL USERS › 1. Authentication Tests › 1.2 - Merchant Login" classname="all-users-comprehensive.spec.js" time="3.156">
<system-out>
<![CDATA[
🧪 Test 1.2: Merchant Login
✅ Merchant login successful

================================================================================

=== Console Summary ===
Total logs: 18
Errors: 0
Warnings: 3

=== Network Summary ===
Total requests: 25
API requests: 3
Failed requests: 0

=== API Calls Summary ===
Total API calls: 2
Failed calls: 0
Slow calls (>1s): 0
Average response time: 333.50ms

=== Calls by Endpoint ===
/api/auth: 1 calls
/api/notifications: 1 calls
================================================================================


API logs exported to: api-logs/1.2---Merchant-Login.json
]]>
</system-out>
</testcase>
<testcase name="COMPREHENSIVE E2E TESTS - ALL USERS › 1. Authentication Tests › 1.3 - Courier Login" classname="all-users-comprehensive.spec.js" time="3.516">
<system-out>
<![CDATA[
🧪 Test 1.3: Courier Login
✅ Courier login successful

================================================================================

=== Console Summary ===
Total logs: 18
Errors: 0
Warnings: 3

=== Network Summary ===
Total requests: 25
API requests: 3
Failed requests: 0

=== API Calls Summary ===
Total API calls: 2
Failed calls: 0
Slow calls (>1s): 0
Average response time: 349.50ms

=== Calls by Endpoint ===
/api/auth: 1 calls
/api/notifications: 1 calls
================================================================================


API logs exported to: api-logs/1.3---Courier-Login.json
]]>
</system-out>
</testcase>
<testcase name="COMPREHENSIVE E2E TESTS - ALL USERS › 1. Authentication Tests › 1.4 - Consumer Login" classname="all-users-comprehensive.spec.js" time="3.11">
<failure message="all-users-comprehensive.spec.js:142:5 1.4 - Consumer Login" type="FAILURE">
<![CDATA[  [chromium] › all-users-comprehensive.spec.js:142:5 › COMPREHENSIVE E2E TESTS - ALL USERS › 1. Authentication Tests › 1.4 - Consumer Login 

    Error: expect(received).toBeTruthy()

    Received: null

      157 |         return tokensStr ? JSON.parse(tokensStr) : null;
      158 |       });
    > 159 |       expect(tokens).toBeTruthy();
          |                      ^
      160 |       expect(tokens.accessToken).toBeTruthy();
      161 |
      162 |       expect(apiLogger.validateCall('/api/auth', 200)).toBe(true);
        at C:\Users\ricka\Downloads\performile-platform-main\performile-platform-main\e2e-tests\tests\all-users-comprehensive.spec.js:159:22

    attachment #1: screenshot (image/png) ──────────────────────────────────────────────────────────
    ..\test-results\all-users-comprehensive-CO-74254--Tests-1-4---Consumer-Login-chromium\test-failed-1.png
    ────────────────────────────────────────────────────────────────────────────────────────────────

    attachment #2: video (video/webm) ──────────────────────────────────────────────────────────────
    ..\test-results\all-users-comprehensive-CO-74254--Tests-1-4---Consumer-Login-chromium\video.webm
    ────────────────────────────────────────────────────────────────────────────────────────────────

    Error Context: ..\test-results\all-users-comprehensive-CO-74254--Tests-1-4---Consumer-Login-chromium\error-context.md
]]>
</failure>
<system-out>
<![CDATA[
🧪 Test 1.4: Consumer Login

================================================================================

=== Console Summary ===
Total logs: 18
Errors: 0
Warnings: 3

=== Network Summary ===
Total requests: 25
API requests: 3
Failed requests: 0

=== API Calls Summary ===
Total API calls: 2
Failed calls: 0
Slow calls (>1s): 0
Average response time: 347.50ms

=== Calls by Endpoint ===
/api/auth: 1 calls
/api/notifications: 1 calls
================================================================================


API logs exported to: api-logs/1.4---Consumer-Login.json

[[ATTACHMENT|test-results\all-users-comprehensive-CO-74254--Tests-1-4---Consumer-Login-chromium\test-failed-1.png]]

[[ATTACHMENT|test-results\all-users-comprehensive-CO-74254--Tests-1-4---Consumer-Login-chromium\video.webm]]

[[ATTACHMENT|test-results\all-users-comprehensive-CO-74254--Tests-1-4---Consumer-Login-chromium\error-context.md]]
]]>
</system-out>
</testcase>
<testcase name="COMPREHENSIVE E2E TESTS - ALL USERS › 1. Authentication Tests › 1.5 - Invalid Credentials" classname="all-users-comprehensive.spec.js" time="5.004">
<system-out>
<![CDATA[
🧪 Test 1.5: Invalid Credentials
✅ Invalid credentials handled correctly

================================================================================

=== Console Summary ===
Total logs: 14
Errors: 3
Warnings: 2

=== Console Errors ===
[2025-10-21T07:43:02.852Z] Failed to load resource: the server responded with a status of 401 (Unauthorized)
[2025-10-21T07:43:02.855Z] Login error details: {message: Request failed with status code 401, response: Object, status: 401, url: https://performile-platform-main.vercel.app/api/auth}
[2025-10-21T07:43:02.856Z] Login error: Error: Invalid credentials
    at $je.login (https://performile-platform-main.vercel.app/assets/js/index-Bdi3m9Ew.js:484:6950)
    at async login (https://performile-platform-main.vercel.app/assets/js/index-Bdi3m9Ew.js:487:92912)
    at async j (https://performile-platform-main.vercel.app/assets/js/index-Bdi3m9Ew.js:497:18903)
    at async https://performile-platform-main.vercel.app/assets/js/index-Bdi3m9Ew.js:494:55074

=== Network Summary ===
Total requests: 22
API requests: 1
Failed requests: 1

=== Failed Requests ===
[401] POST https://performile-platform-main.vercel.app/api/auth

=== API Calls Summary ===
Total API calls: 1
Failed calls: 1
Slow calls (>1s): 0
Average response time: 452.00ms

=== Calls by Endpoint ===
/api/auth: 1 calls

=== Failed API Calls ===
[401] POST /api/auth
  Error: Invalid credentials
================================================================================


API logs exported to: api-logs/1.5---Invalid-Credentials.json
]]>
</system-out>
</testcase>
<testcase name="COMPREHENSIVE E2E TESTS - ALL USERS › 2. Admin Dashboard Tests › 2.1 - Admin Dashboard Loads" classname="all-users-comprehensive.spec.js" time="5.056">
<system-out>
<![CDATA[
🧪 Test 2.1: Admin Dashboard
Console errors: 0
Failed API calls: 0
✅ Admin dashboard loaded

================================================================================

=== Console Summary ===
Total logs: 15
Errors: 0
Warnings: 2

=== Network Summary ===
Total requests: 23
API requests: 6
Failed requests: 0

=== API Calls Summary ===
Total API calls: 3
Failed calls: 0
Slow calls (>1s): 0
Average response time: 486.33ms

=== Calls by Endpoint ===
/api/auth: 1 calls
/api/notifications: 1 calls
/api/trustscore/dashboard: 1 calls
================================================================================


API logs exported to: api-logs/2.1---Admin-Dashboard-Loads.json
]]>
</system-out>
</testcase>
<testcase name="COMPREHENSIVE E2E TESTS - ALL USERS › 2. Admin Dashboard Tests › 2.2 - Admin Can View Users" classname="all-users-comprehensive.spec.js" time="5.735">
<system-out>
<![CDATA[
🧪 Test 2.2: Admin View Users
Users section visible: true
✅ Users section checked

================================================================================

=== Console Summary ===
Total logs: 15
Errors: 0
Warnings: 2

=== Network Summary ===
Total requests: 23
API requests: 6
Failed requests: 0

=== API Calls Summary ===
Total API calls: 6
Failed calls: 0
Slow calls (>1s): 0
Average response time: 450.50ms

=== Calls by Endpoint ===
/api/auth: 1 calls
/api/notifications: 1 calls
/api/trustscore/dashboard: 1 calls
/api/dashboard/trends: 1 calls
/api/dashboard/recent-activity: 1 calls
/api/tracking/summary: 1 calls
================================================================================


API logs exported to: api-logs/2.2---Admin-Can-View-Users.json
]]>
</system-out>
</testcase>
<testcase name="COMPREHENSIVE E2E TESTS - ALL USERS › 3. Merchant Dashboard Tests - BUG DETECTION › 3.1 - Merchant Dashboard Bug Investigation" classname="all-users-comprehensive.spec.js" time="5.341">
<system-out>
<![CDATA[
🔍 Test 3.1: MERCHANT DASHBOARD BUG INVESTIGATION
Page title: Performile - Logistics Performance Platform
Current URL: https://performile-platform-main.vercel.app/#/dashboard
Headings: []

⚠️ CONSOLE ERRORS: 2

Error 1:
  Failed to load resource: the server responded with a status of 500 (Internal Server Error)

Error 2:
  Failed to load resource: the server responded with a status of 500 (Internal Server Error)

⚠️ FAILED API CALLS: 2

Failed Call 1:
  GET /api/analytics/order-trends - 500
  Error: Unknown

Failed Call 2:
  GET /api/analytics/claims-trends - 500
  Error: Unknown

📊 TOTAL API CALLS: 8
  POST /api/auth - 200 (467ms)
  GET /api/notifications - 200 (245ms)
  GET /api/trustscore/dashboard - 200 (686ms)
  GET /api/dashboard/trends - 200 (422ms)
  GET /api/dashboard/recent-activity - 200 (429ms)
  GET /api/analytics/order-trends - 500 (503ms)
  GET /api/analytics/claims-trends - 500 (541ms)
  GET /api/tracking/summary - 200 (617ms)

✅ Merchant dashboard investigation complete - CHECK LOGS

================================================================================

=== Console Summary ===
Total logs: 17
Errors: 2
Warnings: 2

=== Console Errors ===
[2025-10-21T07:43:20.015Z] Failed to load resource: the server responded with a status of 500 (Internal Server Error)
[2025-10-21T07:43:20.041Z] Failed to load resource: the server responded with a status of 500 (Internal Server Error)

=== Network Summary ===
Total requests: 26
API requests: 9
Failed requests: 2

=== Failed Requests ===
[500] GET https://performile-platform-main.vercel.app/api/analytics/order-trends?entity_type=merchant&entity_id=fc1a0fdb-a82c-4a83-82bb-fa7a4b4b13c9&period=30d
[500] GET https://performile-platform-main.vercel.app/api/analytics/claims-trends?entity_type=merchant&entity_id=fc1a0fdb-a82c-4a83-82bb-fa7a4b4b13c9&period=30d

=== API Calls Summary ===
Total API calls: 8
Failed calls: 2
Slow calls (>1s): 0
Average response time: 488.75ms

=== Calls by Endpoint ===
/api/auth: 1 calls
/api/notifications: 1 calls
/api/trustscore/dashboard: 1 calls
/api/dashboard/trends: 1 calls
/api/dashboard/recent-activity: 1 calls
/api/analytics/order-trends: 1 calls
/api/analytics/claims-trends: 1 calls
/api/tracking/summary: 1 calls

=== Failed API Calls ===
[500] GET /api/analytics/order-trends
[500] GET /api/analytics/claims-trends
================================================================================


API logs exported to: api-logs/3.1---Merchant-Dashboard-Bug-Investigation.json
]]>
</system-out>
</testcase>
<testcase name="COMPREHENSIVE E2E TESTS - ALL USERS › 3. Merchant Dashboard Tests - BUG DETECTION › 3.2 - Merchant Orders Section" classname="all-users-comprehensive.spec.js" time="5.88">
<system-out>
<![CDATA[
🧪 Test 3.2: Merchant Orders
Orders section visible: true
✅ Orders section checked

================================================================================

=== Console Summary ===
Total logs: 18
Errors: 3
Warnings: 2

=== Console Errors ===
[2025-10-21T07:43:25.150Z] Failed to load resource: the server responded with a status of 500 (Internal Server Error)
[2025-10-21T07:43:25.152Z] Failed to load resource: the server responded with a status of 500 (Internal Server Error)
[2025-10-21T07:43:25.755Z] Failed to load resource: the server responded with a status of 500 (Internal Server Error)

=== Network Summary ===
Total requests: 29
API requests: 12
Failed requests: 3

=== Failed Requests ===
[500] GET https://performile-platform-main.vercel.app/api/analytics/order-trends?entity_type=merchant&entity_id=fc1a0fdb-a82c-4a83-82bb-fa7a4b4b13c9&period=30d
[500] GET https://performile-platform-main.vercel.app/api/analytics/claims-trends?entity_type=merchant&entity_id=fc1a0fdb-a82c-4a83-82bb-fa7a4b4b13c9&period=30d
[500] GET https://performile-platform-main.vercel.app/api/claims?entity_type=merchant&entity_id=fc1a0fdb-a82c-4a83-82bb-fa7a4b4b13c9&page=1&limit=10

=== API Calls Summary ===
Total API calls: 9
Failed calls: 3
Slow calls (>1s): 0
Average response time: 480.56ms

=== Calls by Endpoint ===
/api/auth: 1 calls
/api/notifications: 1 calls
/api/trustscore/dashboard: 1 calls
/api/dashboard/trends: 1 calls
/api/analytics/order-trends: 1 calls
/api/analytics/claims-trends: 1 calls
/api/dashboard/recent-activity: 1 calls
/api/tracking/summary: 1 calls
/api/claims: 1 calls

=== Failed API Calls ===
[500] GET /api/analytics/order-trends
[500] GET /api/analytics/claims-trends
[500] GET /api/claims
================================================================================


API logs exported to: api-logs/3.2---Merchant-Orders-Section.json
]]>
</system-out>
</testcase>
<testcase name="COMPREHENSIVE E2E TESTS - ALL USERS › 3. Merchant Dashboard Tests - BUG DETECTION › 3.3 - Merchant Dashboard Performance" classname="all-users-comprehensive.spec.js" time="5.218">
<system-out>
<![CDATA[
🧪 Test 3.3: Merchant Performance
Average API response: 467.89ms
Slow calls (>1s): 0
✅ Performance check complete

================================================================================

=== Console Summary ===
Total logs: 18
Errors: 3
Warnings: 2

=== Console Errors ===
[2025-10-21T07:43:30.986Z] Failed to load resource: the server responded with a status of 500 (Internal Server Error)
[2025-10-21T07:43:30.987Z] Failed to load resource: the server responded with a status of 500 (Internal Server Error)
[2025-10-21T07:43:31.510Z] Failed to load resource: the server responded with a status of 500 (Internal Server Error)

=== Network Summary ===
Total requests: 26
API requests: 9
Failed requests: 3

=== Failed Requests ===
[500] GET https://performile-platform-main.vercel.app/api/analytics/order-trends?entity_type=merchant&entity_id=fc1a0fdb-a82c-4a83-82bb-fa7a4b4b13c9&period=30d
[500] GET https://performile-platform-main.vercel.app/api/analytics/claims-trends?entity_type=merchant&entity_id=fc1a0fdb-a82c-4a83-82bb-fa7a4b4b13c9&period=30d
[500] GET https://performile-platform-main.vercel.app/api/claims?entity_type=merchant&entity_id=fc1a0fdb-a82c-4a83-82bb-fa7a4b4b13c9&page=1&limit=10

=== API Calls Summary ===
Total API calls: 9
Failed calls: 3
Slow calls (>1s): 0
Average response time: 467.89ms

=== Calls by Endpoint ===
/api/auth: 1 calls
/api/notifications: 1 calls
/api/trustscore/dashboard: 1 calls
/api/dashboard/trends: 1 calls
/api/analytics/claims-trends: 1 calls
/api/analytics/order-trends: 1 calls
/api/dashboard/recent-activity: 1 calls
/api/tracking/summary: 1 calls
/api/claims: 1 calls

=== Failed API Calls ===
[500] GET /api/analytics/claims-trends
[500] GET /api/analytics/order-trends
[500] GET /api/claims
================================================================================


API logs exported to: api-logs/3.3---Merchant-Dashboard-Performance.json
]]>
</system-out>
</testcase>
<testcase name="COMPREHENSIVE E2E TESTS - ALL USERS › 4. Courier Dashboard Tests › 4.1 - Courier Dashboard Loads" classname="all-users-comprehensive.spec.js" time="5.03">
<system-out>
<![CDATA[
🧪 Test 4.1: Courier Dashboard
Console errors: 3
Failed API calls: 3
✅ Courier dashboard loaded

================================================================================

=== Console Summary ===
Total logs: 18
Errors: 3
Warnings: 2

=== Console Errors ===
[2025-10-21T07:43:36.186Z] Failed to load resource: the server responded with a status of 500 (Internal Server Error)
[2025-10-21T07:43:36.191Z] Failed to load resource: the server responded with a status of 500 (Internal Server Error)
[2025-10-21T07:43:36.774Z] Failed to load resource: the server responded with a status of 500 (Internal Server Error)

=== Network Summary ===
Total requests: 20
API requests: 8
Failed requests: 3

=== Failed Requests ===
[500] GET https://performile-platform-main.vercel.app/api/analytics/order-trends?entity_type=courier&entity_id=617f3f03-ec94-415a-8400-dc5c7e29d96f&period=30d
[500] GET https://performile-platform-main.vercel.app/api/analytics/claims-trends?entity_type=courier&entity_id=617f3f03-ec94-415a-8400-dc5c7e29d96f&period=30d
[500] GET https://performile-platform-main.vercel.app/api/claims?entity_type=courier&entity_id=617f3f03-ec94-415a-8400-dc5c7e29d96f&page=1&limit=10

=== API Calls Summary ===
Total API calls: 8
Failed calls: 3
Slow calls (>1s): 0
Average response time: 438.63ms

=== Calls by Endpoint ===
/api/auth: 1 calls
/api/notifications: 1 calls
/api/trustscore/dashboard: 1 calls
/api/dashboard/recent-activity: 1 calls
/api/dashboard/trends: 1 calls
/api/analytics/claims-trends: 1 calls
/api/analytics/order-trends: 1 calls
/api/claims: 1 calls

=== Failed API Calls ===
[500] GET /api/analytics/claims-trends
[500] GET /api/analytics/order-trends
[500] GET /api/claims
================================================================================


API logs exported to: api-logs/4.1---Courier-Dashboard-Loads.json
]]>
</system-out>
</testcase>
<testcase name="COMPREHENSIVE E2E TESTS - ALL USERS › 4. Courier Dashboard Tests › 4.2 - Courier Deliveries Section" classname="all-users-comprehensive.spec.js" time="5.009">
<system-out>
<![CDATA[
🧪 Test 4.2: Courier Deliveries
Deliveries section visible: false
✅ Deliveries section checked

================================================================================

=== Console Summary ===
Total logs: 18
Errors: 3
Warnings: 2

=== Console Errors ===
[2025-10-21T07:43:41.332Z] Failed to load resource: the server responded with a status of 500 (Internal Server Error)
[2025-10-21T07:43:41.334Z] Failed to load resource: the server responded with a status of 500 (Internal Server Error)
[2025-10-21T07:43:41.827Z] Failed to load resource: the server responded with a status of 500 (Internal Server Error)

=== Network Summary ===
Total requests: 20
API requests: 8
Failed requests: 3

=== Failed Requests ===
[500] GET https://performile-platform-main.vercel.app/api/analytics/order-trends?entity_type=courier&entity_id=617f3f03-ec94-415a-8400-dc5c7e29d96f&period=30d
[500] GET https://performile-platform-main.vercel.app/api/analytics/claims-trends?entity_type=courier&entity_id=617f3f03-ec94-415a-8400-dc5c7e29d96f&period=30d
[500] GET https://performile-platform-main.vercel.app/api/claims?entity_type=courier&entity_id=617f3f03-ec94-415a-8400-dc5c7e29d96f&page=1&limit=10

=== API Calls Summary ===
Total API calls: 8
Failed calls: 3
Slow calls (>1s): 0
Average response time: 502.63ms

=== Calls by Endpoint ===
/api/auth: 1 calls
/api/notifications: 1 calls
/api/trustscore/dashboard: 1 calls
/api/analytics/order-trends: 1 calls
/api/dashboard/trends: 1 calls
/api/analytics/claims-trends: 1 calls
/api/dashboard/recent-activity: 1 calls
/api/claims: 1 calls

=== Failed API Calls ===
[500] GET /api/analytics/order-trends
[500] GET /api/analytics/claims-trends
[500] GET /api/claims
================================================================================


API logs exported to: api-logs/4.2---Courier-Deliveries-Section.json
]]>
</system-out>
</testcase>
<testcase name="COMPREHENSIVE E2E TESTS - ALL USERS › 5. Consumer Tests › 5.1 - Consumer Page Loads" classname="all-users-comprehensive.spec.js" time="4.545">
<system-out>
<![CDATA[
🧪 Test 5.1: Consumer Page
Console errors: 0
Failed API calls: 0
✅ Consumer page loaded

================================================================================

=== Console Summary ===
Total logs: 15
Errors: 0
Warnings: 2

=== Network Summary ===
Total requests: 15
API requests: 3
Failed requests: 0

=== API Calls Summary ===
Total API calls: 3
Failed calls: 0
Slow calls (>1s): 0
Average response time: 458.33ms

=== Calls by Endpoint ===
/api/auth: 1 calls
/api/notifications: 1 calls
/api/trustscore/dashboard: 1 calls
================================================================================


API logs exported to: api-logs/5.1---Consumer-Page-Loads.json
]]>
</system-out>
</testcase>
<testcase name="COMPREHENSIVE E2E TESTS - ALL USERS › 5. Consumer Tests › 5.2 - Consumer Tracking Available" classname="all-users-comprehensive.spec.js" time="4.281">
<system-out>
<![CDATA[
🧪 Test 5.2: Consumer Tracking
Tracking section visible: true
✅ Tracking section checked

================================================================================

=== Console Summary ===
Total logs: 15
Errors: 0
Warnings: 2

=== Network Summary ===
Total requests: 15
API requests: 3
Failed requests: 0

=== API Calls Summary ===
Total API calls: 3
Failed calls: 0
Slow calls (>1s): 0
Average response time: 455.67ms

=== Calls by Endpoint ===
/api/auth: 1 calls
/api/notifications: 1 calls
/api/trustscore/dashboard: 1 calls
================================================================================


API logs exported to: api-logs/5.2---Consumer-Tracking-Available.json
]]>
</system-out>
</testcase>
<testcase name="COMPREHENSIVE E2E TESTS - ALL USERS › 6. Cross-Cutting Tests › 6.1 - Logout Functionality" classname="all-users-comprehensive.spec.js" time="5.069">
<system-out>
<![CDATA[
🧪 Test 6.1: Logout
Logout button not found in expected locations
Token after logout: Cleared
✅ Logout test complete

================================================================================

=== Console Summary ===
Total logs: 15
Errors: 0
Warnings: 2

=== Network Summary ===
Total requests: 23
API requests: 6
Failed requests: 0

=== API Calls Summary ===
Total API calls: 5
Failed calls: 0
Slow calls (>1s): 2
Average response time: 671.80ms

=== Calls by Endpoint ===
/api/auth: 1 calls
/api/notifications: 1 calls
/api/trustscore/dashboard: 1 calls
/api/dashboard/trends: 1 calls
/api/dashboard/recent-activity: 1 calls

=== Slow API Calls (>1s) ===
[1021ms] GET /api/dashboard/trends
[1025ms] GET /api/dashboard/recent-activity
================================================================================


API logs exported to: api-logs/6.1---Logout-Functionality.json
]]>
</system-out>
</testcase>
<testcase name="COMPREHENSIVE E2E TESTS - ALL USERS › 6. Cross-Cutting Tests › 6.2 - API Performance Overall" classname="all-users-comprehensive.spec.js" time="5">
<system-out>
<![CDATA[
🧪 Test 6.2: Overall API Performance
Average API response: 405.17ms
Slow calls (>1s): 0
Failed calls: 0
✅ Performance analysis complete

================================================================================

=== Console Summary ===
Total logs: 15
Errors: 0
Warnings: 2

=== Network Summary ===
Total requests: 23
API requests: 6
Failed requests: 0

=== API Calls Summary ===
Total API calls: 6
Failed calls: 0
Slow calls (>1s): 0
Average response time: 405.17ms

=== Calls by Endpoint ===
/api/auth: 1 calls
/api/notifications: 1 calls
/api/trustscore/dashboard: 1 calls
/api/dashboard/trends: 1 calls
/api/dashboard/recent-activity: 1 calls
/api/tracking/summary: 1 calls
================================================================================


API logs exported to: api-logs/6.2---API-Performance-Overall.json
]]>
</system-out>
</testcase>
</testsuite>
<testsuite name="auth\login.spec.js" timestamp="2025-10-21T07:32:30.514Z" hostname="chromium" tests="10" failures="7" skipped="0" time="46.017" errors="0">
<testcase name="Authentication - Login Flow › Admin can login successfully" classname="auth\login.spec.js" time="7.408">
<failure message="login.spec.js:44:3 Admin can login successfully" type="FAILURE">
<![CDATA[  [chromium] › auth\login.spec.js:44:3 › Authentication - Login Flow › Admin can login successfully 

    Error: expect(locator).toContainText(expected) failed

    Locator: locator('h1, h2, [role="heading"]')
    Expected pattern: /dashboard/i
    Timeout: 5000ms
    Error: element(s) not found

    Call log:
      - Expect "toContainText" with timeout 5000ms
      - waiting for locator('h1, h2, [role="heading"]')


      60 |     
      61 |     // Verify dashboard loaded
    > 62 |     await expect(page.locator('h1, h2, [role="heading"]')).toContainText(/dashboard/i, { timeout: 5000 });
         |                                                            ^
      63 |     
      64 |     // Verify token stored
      65 |     const token = await page.evaluate(() => localStorage.getItem('access_token'));
        at C:\Users\ricka\Downloads\performile-platform-main\performile-platform-main\e2e-tests\tests\auth\login.spec.js:62:60

    attachment #1: screenshot (image/png) ──────────────────────────────────────────────────────────
    ..\test-results\auth-login-Authentication--8c02b-dmin-can-login-successfully-chromium\test-failed-1.png
    ────────────────────────────────────────────────────────────────────────────────────────────────

    attachment #2: video (video/webm) ──────────────────────────────────────────────────────────────
    ..\test-results\auth-login-Authentication--8c02b-dmin-can-login-successfully-chromium\video.webm
    ────────────────────────────────────────────────────────────────────────────────────────────────

    Error Context: ..\test-results\auth-login-Authentication--8c02b-dmin-can-login-successfully-chromium\error-context.md
]]>
</failure>
<system-out>
<![CDATA[
🧪 Testing Admin Login...

=== Console Summary ===
Total logs: 15
Errors: 0
Warnings: 2

=== Network Summary ===
Total requests: 23
API requests: 6
Failed requests: 0

=== API Calls Summary ===
Total API calls: 6
Failed calls: 0
Slow calls (>1s): 0
Average response time: 405.33ms

=== Calls by Endpoint ===
/api/auth: 1 calls
/api/notifications: 1 calls
/api/trustscore/dashboard: 1 calls
/api/dashboard/trends: 1 calls
/api/dashboard/recent-activity: 1 calls
/api/tracking/summary: 1 calls

API logs exported to: api-logs/Admin-can-login-successfully.json

[[ATTACHMENT|test-results\auth-login-Authentication--8c02b-dmin-can-login-successfully-chromium\test-failed-1.png]]

[[ATTACHMENT|test-results\auth-login-Authentication--8c02b-dmin-can-login-successfully-chromium\video.webm]]

[[ATTACHMENT|test-results\auth-login-Authentication--8c02b-dmin-can-login-successfully-chromium\error-context.md]]
]]>
</system-out>
</testcase>
<testcase name="Authentication - Login Flow › Merchant can login successfully - Check for dashboard bugs" classname="auth\login.spec.js" time="4.619">
<failure message="login.spec.js:83:3 Merchant can login successfully - Check for dashboard bugs" type="FAILURE">
<![CDATA[  [chromium] › auth\login.spec.js:83:3 › Authentication - Login Flow › Merchant can login successfully - Check for dashboard bugs 

    Error: expect(received).toBeTruthy()

    Received: null

      135 |     // Verify token stored
[...]

    Test timeout of 30000ms exceeded while running "beforeEach" hook.

      26 |
      27 | test.describe('My Subscription - Merchant View', () => {
    > 28 |   test.beforeEach(async ({ page }) => {
         |        ^
      29 |     await loginAsMerchant(page);
      30 |     await page.goto('/my-subscription');
      31 |   });
        at C:\Users\ricka\Downloads\performile-platform-main\performile-platform-main\e2e-tests\tests\subscription\my-subscription.spec.js:28:8

    Error: page.waitForURL: Test timeout of 30000ms exceeded.
    =========================== logs ===========================
    waiting for navigation to "**/dashboard" until "load"
    ============================================================

      13 |   await page.fill('input[name="password"]', 'TestPassword123!');
      14 |   await page.click('button[type="submit"]');
    > 15 |   await page.waitForURL('**/dashboard');
         |              ^
      16 | }
      17 |
      18 | // Helper function to login as courier
        at loginAsMerchant (C:\Users\ricka\Downloads\performile-platform-main\performile-platform-main\e2e-tests\tests\subscription\my-subscription.spec.js:15:14)
        at C:\Users\ricka\Downloads\performile-platform-main\performile-platform-main\e2e-tests\tests\subscription\my-subscription.spec.js:29:5

    attachment #1: screenshot (image/png) ──────────────────────────────────────────────────────────
    ..\test-results\subscription-my-subscripti-32f77-f-subscription-is-cancelled-chromium\test-failed-1.png
    ────────────────────────────────────────────────────────────────────────────────────────────────

    attachment #2: video (video/webm) ──────────────────────────────────────────────────────────────
    ..\test-results\subscription-my-subscripti-32f77-f-subscription-is-cancelled-chromium\video.webm
    ────────────────────────────────────────────────────────────────────────────────────────────────

    Error Context: ..\test-results\subscription-my-subscripti-32f77-f-subscription-is-cancelled-chromium\error-context.md
]]>
</failure>
<system-out>
<![CDATA[
[[ATTACHMENT|test-results\subscription-my-subscripti-32f77-f-subscription-is-cancelled-chromium\test-failed-1.png]]

[[ATTACHMENT|test-results\subscription-my-subscripti-32f77-f-subscription-is-cancelled-chromium\video.webm]]

[[ATTACHMENT|test-results\subscription-my-subscripti-32f77-f-subscription-is-cancelled-chromium\error-context.md]]
]]>
</system-out>
</testcase>
<testcase name="My Subscription - Courier View › should display courier-specific limits" classname="subscription\my-subscription.spec.js" time="32.348">
<failure message="my-subscription.spec.js:146:3 should display courier-specific limits" type="FAILURE">
<![CDATA[  [chromium] › subscription\my-subscription.spec.js:146:3 › My Subscription - Courier View › should display courier-specific limits 

    Test timeout of 30000ms exceeded while running "beforeEach" hook.

      139 |
      140 | test.describe('My Subscription - Courier View', () => {
    > 141 |   test.beforeEach(async ({ page }) => {
          |        ^
      142 |     await loginAsCourier(page);
      143 |     await page.goto('/my-subscription');
      144 |   });
        at C:\Users\ricka\Downloads\performile-platform-main\performile-platform-main\e2e-tests\tests\subscription\my-subscription.spec.js:141:8

    Error: page.waitForURL: Test timeout of 30000ms exceeded.
    =========================== logs ===========================
    waiting for navigation to "**/dashboard" until "load"
    ============================================================

      22 |   await page.fill('input[name="password"]', 'TestPassword123!');
      23 |   await page.click('button[type="submit"]');
    > 24 |   await page.waitForURL('**/dashboard');
         |              ^
      25 | }
      26 |
      27 | test.describe('My Subscription - Merchant View', () => {
        at loginAsCourier (C:\Users\ricka\Downloads\performile-platform-main\performile-platform-main\e2e-tests\tests\subscription\my-subscription.spec.js:24:14)
        at C:\Users\ricka\Downloads\performile-platform-main\performile-platform-main\e2e-tests\tests\subscription\my-subscription.spec.js:142:5

    attachment #1: screenshot (image/png) ──────────────────────────────────────────────────────────
    ..\test-results\subscription-my-subscripti-b40a6-lay-courier-specific-limits-chromium\test-failed-1.png
    ────────────────────────────────────────────────────────────────────────────────────────────────

    attachment #2: video (video/webm) ──────────────────────────────────────────────────────────────
    ..\test-results\subscription-my-subscripti-b40a6-lay-courier-specific-limits-chromium\video.webm
    ────────────────────────────────────────────────────────────────────────────────────────────────

    Error Context: ..\test-results\subscription-my-subscripti-b40a6-lay-courier-specific-limits-chromium\error-context.md
]]>
</failure>
<system-out>
<![CDATA[
[[ATTACHMENT|test-results\subscription-my-subscripti-b40a6-lay-courier-specific-limits-chromium\test-failed-1.png]]

[[ATTACHMENT|test-results\subscription-my-subscripti-b40a6-lay-courier-specific-limits-chromium\video.webm]]

[[ATTACHMENT|test-results\subscription-my-subscripti-b40a6-lay-courier-specific-limits-chromium\error-context.md]]
]]>
</system-out>
</testcase>
<testcase name="My Subscription - Courier View › should show courier user type chip" classname="subscription\my-subscription.spec.js" time="32.182">
<failure message="my-subscription.spec.js:153:3 should show courier user type chip" type="FAILURE">
<![CDATA[  [chromium] › subscription\my-subscription.spec.js:153:3 › My Subscription - Courier View › should show courier user type chip 

    Test timeout of 30000ms exceeded while running "beforeEach" hook.

      139 |
      140 | test.describe('My Subscription - Courier View', () => {
    > 141 |   test.beforeEach(async ({ page }) => {
          |        ^
      142 |     await loginAsCourier(page);
      143 |     await page.goto('/my-subscription');
      144 |   });
        at C:\Users\ricka\Downloads\performile-platform-main\performile-platform-main\e2e-tests\tests\subscription\my-subscription.spec.js:141:8

    Error: page.waitForURL: Test timeout of 30000ms exceeded.
    =========================== logs ===========================
    waiting for navigation to "**/dashboard" until "load"
    ============================================================

      22 |   await page.fill('input[name="password"]', 'TestPassword123!');
      23 |   await page.click('button[type="submit"]');
    > 24 |   await page.waitForURL('**/dashboard');
         |              ^
      25 | }
      26 |
      27 | test.describe('My Subscription - Merchant View', () => {
        at loginAsCourier (C:\Users\ricka\Downloads\performile-platform-main\performile-platform-main\e2e-tests\tests\subscription\my-subscription.spec.js:24:14)
        at C:\Users\ricka\Downloads\performile-platform-main\performile-platform-main\e2e-tests\tests\subscription\my-subscription.spec.js:142:5

    attachment #1: screenshot (image/png) ──────────────────────────────────────────────────────────
    ..\test-results\subscription-my-subscripti-3829c-show-courier-user-type-chip-chromium\test-failed-1.png
    ────────────────────────────────────────────────────────────────────────────────────────────────

    attachment #2: video (video/webm) ──────────────────────────────────────────────────────────────
    ..\test-results\subscription-my-subscripti-3829c-show-courier-user-type-chip-chromium\video.webm
    ────────────────────────────────────────────────────────────────────────────────────────────────

    Error Context: ..\test-results\subscription-my-subscripti-3829c-show-courier-user-type-chip-chromium\error-context.md
]]>
</failure>
<system-out>
<![CDATA[
[[ATTACHMENT|test-results\subscription-my-subscripti-3829c-show-courier-user-type-chip-chromium\test-failed-1.png]]

[[ATTACHMENT|test-results\subscription-my-subscripti-3829c-show-courier-user-type-chip-chromium\video.webm]]

[[ATTACHMENT|test-results\subscription-my-subscripti-3829c-show-courier-user-type-chip-chromium\error-context.md]]
]]>
</system-out>
</testcase>
<testcase name="My Subscription - Error Handling › should show error message if no subscription found" classname="subscription\my-subscription.spec.js" time="4.61">
<failure message="my-subscription.spec.js:160:3 should show error message if no subscription found" type="FAILURE">
<![CDATA[  [chromium] › subscription\my-subscription.spec.js:160:3 › My Subscription - Error Handling › should show error message if no subscription found 

    Error: expect(received).toBeTruthy()

    Received: false

      184 |     const hasButton = await viewPlansButton.count() > 0;
      185 |     
    > 186 |     expect(hasError || hasButton).toBeTruthy();
          |                                   ^
      187 |   });
      188 |
      189 |   test('should show loading state while fetching data', async ({ page }) => {
        at C:\Users\ricka\Downloads\performile-platform-main\performile-platform-main\e2e-tests\tests\subscription\my-subscription.spec.js:186:35

    attachment #1: screenshot (image/png) ──────────────────────────────────────────────────────────
    ..\test-results\subscription-my-subscripti-cd9fb-ge-if-no-subscription-found-chromium\test-failed-1.png
    ────────────────────────────────────────────────────────────────────────────────────────────────

    attachment #2: video (video/webm) ──────────────────────────────────────────────────────────────
    ..\test-results\subscription-my-subscripti-cd9fb-ge-if-no-subscription-found-chromium\video.webm
    ────────────────────────────────────────────────────────────────────────────────────────────────

    Error Context: ..\test-results\subscription-my-subscripti-cd9fb-ge-if-no-subscription-found-chromium\error-context.md
]]>
</failure>
<system-out>
<![CDATA[
[[ATTACHMENT|test-results\subscription-my-subscripti-cd9fb-ge-if-no-subscription-found-chromium\test-failed-1.png]]

[[ATTACHMENT|test-results\subscription-my-subscripti-cd9fb-ge-if-no-subscription-found-chromium\video.webm]]

[[ATTACHMENT|test-results\subscription-my-subscripti-cd9fb-ge-if-no-subscription-found-chromium\error-context.md]]
]]>
</system-out>
</testcase>
<testcase name="My Subscription - Error Handling › should show loading state while fetching data" classname="subscription\my-subscription.spec.js" time="32.22">
<failure message="my-subscription.spec.js:189:3 should show loading state while fetching data" type="FAILURE">
<![CDATA[  [chromium] › subscription\my-subscription.spec.js:189:3 › My Subscription - Error Handling › should show loading state while fetching data 

    Test timeout of 30000ms exceeded.

    Error: page.waitForURL: Test timeout of 30000ms exceeded.
    =========================== logs ===========================
    waiting for navigation to "**/dashboard" until "load"
    ============================================================

      13 |   await page.fill('input[name="password"]', 'TestPassword123!');
      14 |   await page.click('button[type="submit"]');
    > 15 |   await page.waitForURL('**/dashboard');
         |              ^
      16 | }
      17 |
      18 | // Helper function to login as courier
        at loginAsMerchant (C:\Users\ricka\Downloads\performile-platform-main\performile-platform-main\e2e-tests\tests\subscription\my-subscription.spec.js:15:14)
        at C:\Users\ricka\Downloads\performile-platform-main\performile-platform-main\e2e-tests\tests\subscription\my-subscription.spec.js:190:5

    attachment #1: screenshot (image/png) ──────────────────────────────────────────────────────────
    ..\test-results\subscription-my-subscripti-c6e84-g-state-while-fetching-data-chromium\test-failed-1.png
    ────────────────────────────────────────────────────────────────────────────────────────────────

    attachment #2: video (video/webm) ──────────────────────────────────────────────────────────────
    ..\test-results\subscription-my-subscripti-c6e84-g-state-while-fetching-data-chromium\video.webm
    ────────────────────────────────────────────────────────────────────────────────────────────────

    Error Context: ..\test-results\subscription-my-subscripti-c6e84-g-state-while-fetching-data-chromium\error-context.md
]]>
</failure>
<system-out>
<![CDATA[
[[ATTACHMENT|test-results\subscription-my-subscripti-c6e84-g-state-while-fetching-data-chromium\test-failed-1.png]]

[[ATTACHMENT|test-results\subscription-my-subscripti-c6e84-g-state-while-fetching-data-chromium\video.webm]]

[[ATTACHMENT|test-results\subscription-my-subscripti-c6e84-g-state-while-fetching-data-chromium\error-context.md]]
]]>
</system-out>
</testcase>
<testcase name="My Subscription - Access Control › should redirect to login if not authenticated" classname="subscription\my-subscription.spec.js" time="3.256">
</testcase>
<testcase name="My Subscription - Access Control › should not be accessible to consumers" classname="subscription\my-subscription.spec.js" time="3.665">
<failure message="my-subscription.spec.js:217:3 should not be accessible to consumers" type="FAILURE">
<![CDATA[  [chromium] › subscription\my-subscription.spec.js:217:3 › My Subscription - Access Control › should not be accessible to consumers 

    Error: expect(received).toBeFalsy()

    Received: true

      227 |     // Should redirect or show error
      228 |     const currentUrl = page.url();
    > 229 |     expect(currentUrl.includes('my-subscription')).toBeFalsy();
          |                                                    ^
      230 |   });
      231 | });
      232 |
        at C:\Users\ricka\Downloads\performile-platform-main\performile-platform-main\e2e-tests\tests\subscription\my-subscription.spec.js:229:52

    attachment #1: screenshot (image/png) ──────────────────────────────────────────────────────────
    ..\test-results\subscription-my-subscripti-f6196--be-accessible-to-consumers-chromium\test-failed-1.png
    ────────────────────────────────────────────────────────────────────────────────────────────────

    attachment #2: video (video/webm) ──────────────────────────────────────────────────────────────
    ..\test-results\subscription-my-subscripti-f6196--be-accessible-to-consumers-chromium\video.webm
    ────────────────────────────────────────────────────────────────────────────────────────────────

    Error Context: ..\test-results\subscription-my-subscripti-f6196--be-accessible-to-consumers-chromium\error-context.md
]]>
</failure>
<system-out>
<![CDATA[
[[ATTACHMENT|test-results\subscription-my-subscripti-f6196--be-accessible-to-consumers-chromium\test-failed-1.png]]

[[ATTACHMENT|test-results\subscription-my-subscripti-f6196--be-accessible-to-consumers-chromium\video.webm]]

[[ATTACHMENT|test-results\subscription-my-subscripti-f6196--be-accessible-to-consumers-chromium\error-context.md]]
]]>
</system-out>
</testcase>
<testcase name="My Subscription - Responsive Design › should be responsive on mobile" classname="subscription\my-subscription.spec.js" time="32.312">
<failure message="my-subscription.spec.js:234:3 should be responsive on mobile" type="FAILURE">
<![CDATA[  [chromium] › subscription\my-subscription.spec.js:234:3 › My Subscription - Responsive Design › should be responsive on mobile 

    Test timeout of 30000ms exceeded.

    Error: page.waitForURL: Test timeout of 30000ms exceeded.
    =========================== logs ===========================
    waiting for navigation to "**/dashboard" until "load"
    ============================================================

      13 |   await page.fill('input[name="password"]', 'TestPassword123!');
      14 |   await page.click('button[type="submit"]');
    > 15 |   await page.waitForURL('**/dashboard');
         |              ^
      16 | }
      17 |
      18 | // Helper function to login as courier
        at loginAsMerchant (C:\Users\ricka\Downloads\performile-platform-main\performile-platform-main\e2e-tests\tests\subscription\my-subscription.spec.js:15:14)
        at C:\Users\ricka\Downloads\performile-platform-main\performile-platform-main\e2e-tests\tests\subscription\my-subscription.spec.js:235:5

    attachment #1: screenshot (image/png) ──────────────────────────────────────────────────────────
    ..\test-results\subscription-my-subscripti-7c04b-uld-be-responsive-on-mobile-chromium\test-failed-1.png
    ────────────────────────────────────────────────────────────────────────────────────────────────

    attachment #2: video (video/webm) ──────────────────────────────────────────────────────────────
    ..\test-results\subscription-my-subscripti-7c04b-uld-be-responsive-on-mobile-chromium\video.webm
    ────────────────────────────────────────────────────────────────────────────────────────────────

    Error Context: ..\test-results\subscription-my-subscripti-7c04b-uld-be-responsive-on-mobile-chromium\error-context.md
]]>
</failure>
<system-out>
<![CDATA[
[[ATTACHMENT|test-results\subscription-my-subscripti-7c04b-uld-be-responsive-on-mobile-chromium\test-failed-1.png]]

[[ATTACHMENT|test-results\subscription-my-subscripti-7c04b-uld-be-responsive-on-mobile-chromium\video.webm]]

[[ATTACHMENT|test-results\subscription-my-subscripti-7c04b-uld-be-responsive-on-mobile-chromium\error-context.md]]
]]>
</system-out>
</testcase>
<testcase name="My Subscription - Responsive Design › should be responsive on tablet" classname="subscription\my-subscription.spec.js" time="32.275">
<failure message="my-subscription.spec.js:246:3 should be responsive on tablet" type="FAILURE">
<![CDATA[  [chromium] › subscription\my-subscription.spec.js:246:3 › My Subscription - Responsive Design › should be responsive on tablet 

    Test timeout of 30000ms exceeded.

    Error: page.waitForURL: Test timeout of 30000ms exceeded.
    =========================== logs ===========================
    waiting for navigation to "**/dashboard" until "load"
    ============================================================

      13 |   await page.fill('input[name="password"]', 'TestPassword123!');
      14 |   await page.click('button[type="submit"]');
    > 15 |   await page.waitForURL('**/dashboard');
         |              ^
      16 | }
      17 |
      18 | // Helper function to login as courier
        at loginAsMerchant (C:\Users\ricka\Downloads\performile-platform-main\performile-platform-main\e2e-tests\tests\subscription\my-subscription.spec.js:15:14)
        at C:\Users\ricka\Downloads\performile-platform-main\performile-platform-main\e2e-tests\tests\subscription\my-subscription.spec.js:247:5

    attachment #1: screenshot (image/png) ──────────────────────────────────────────────────────────
    ..\test-results\subscription-my-subscripti-aaf8b-uld-be-responsive-on-tablet-chromium\test-failed-1.png
    ────────────────────────────────────────────────────────────────────────────────────────────────

    attachment #2: video (video/webm) ──────────────────────────────────────────────────────────────
    ..\test-results\subscription-my-subscripti-aaf8b-uld-be-responsive-on-tablet-chromium\video.webm
    ────────────────────────────────────────────────────────────────────────────────────────────────

    Error Context: ..\test-results\subscription-my-subscripti-aaf8b-uld-be-responsive-on-tablet-chromium\error-context.md
]]>
</failure>
<system-out>
<![CDATA[
[[ATTACHMENT|test-results\subscription-my-subscripti-aaf8b-uld-be-responsive-on-tablet-chromium\test-failed-1.png]]

[[ATTACHMENT|test-results\subscription-my-subscripti-aaf8b-uld-be-responsive-on-tablet-chromium\video.webm]]

[[ATTACHMENT|test-results\subscription-my-subscripti-aaf8b-uld-be-responsive-on-tablet-chromium\error-context.md]]
]]>
</system-out>
</testcase>
</testsuite>
</testsuites>