<testsuites id="" name="" tests="56" failures="1" skipped="55" errors="0" time="12.967694">
<testsuite name="landing-page.spec.ts" timestamp="2025-11-09T18:16:15.709Z" hostname="chromium" tests="56" failures="1" skipped="55" time="9.311" errors="0">
<testcase name="Landing Page - Complete Test Suite › Navigation Bar › should display logo and be clickable" classname="landing-page.spec.ts" time="9.311">
<failure message="landing-page.spec.ts:15:9 should display logo and be clickable" type="FAILURE">
<![CDATA[  [chromium] › landing-page.spec.ts:15:9 › Landing Page - Complete Test Suite › Navigation Bar › should display logo and be clickable 

    Error: expect(locator).toBeVisible() failed

    Locator: locator('img[alt="Performile"]')
    Expected: visible
    Error: element(s) not found

    Call log:
      - Expect "toBeVisible" with timeout 5000ms
      - waiting for locator('img[alt="Performile"]')


      15 |     test('should display logo and be clickable', async ({ page }) => {
      16 |       const logo = page.locator('img[alt="Performile"]');
    > 17 |       await expect(logo).toBeVisible();
         |                          ^
      18 |       await expect(logo).toHaveAttribute('src', '/logo.png');
      19 |       
      20 |       // Click logo should stay on home page
        at C:\Users\ricka\Downloads\performile-platform-main\performile-platform-main\e2e-tests\tests\landing-page.spec.ts:17:26

    Error: browserContext.close: Target page, context or browser has been closed
]]>
</failure>
</testcase>
<testcase name="Landing Page - Complete Test Suite › Navigation Bar › should have all navigation links" classname="landing-page.spec.ts" time="0">
<skipped>
</skipped>
</testcase>
<testcase name="Landing Page - Complete Test Suite › Navigation Bar › should navigate to Pricing page" classname="landing-page.spec.ts" time="0">
<skipped>
</skipped>
</testcase>
<testcase name="Landing Page - Complete Test Suite › Navigation Bar › should navigate to Knowledge Base" classname="landing-page.spec.ts" time="0">
<skipped>
</skipped>
</testcase>
<testcase name="Landing Page - Complete Test Suite › Navigation Bar › should navigate to Login page" classname="landing-page.spec.ts" time="0">
<skipped>
</skipped>
</testcase>
<testcase name="Landing Page - Complete Test Suite › Navigation Bar › should navigate to Register page" classname="landing-page.spec.ts" time="0">
<skipped>
</skipped>
</testcase>
<testcase name="Landing Page - Complete Test Suite › Hero Section › should display main heading" classname="landing-page.spec.ts" time="0">
<skipped>
</skipped>
</testcase>
<testcase name="Landing Page - Complete Test Suite › Hero Section › should display subheading" classname="landing-page.spec.ts" time="0">
<skipped>
</skipped>
</testcase>
<testcase name="Landing Page - Complete Test Suite › Hero Section › should have CTA buttons" classname="landing-page.spec.ts" time="0">
<skipped>
</skipped>
</testcase>
<testcase name="Landing Page - Complete Test Suite › Features Overview Section › should display all 6 feature cards" classname="landing-page.spec.ts" time="0">
<skipped>
</skipped>
</testcase>
<testcase name="Landing Page - Complete Test Suite › Features Overview Section › should display feature descriptions" classname="landing-page.spec.ts" time="0">
<skipped>
</skipped>
</testcase>
<testcase name="Landing Page - Complete Test Suite › LMT Lastmile Trust Score Section › should display LMT Score heading" classname="landing-page.spec.ts" time="0">
<skipped>
</skipped>
</testcase>
<testcase name="Landing Page - Complete Test Suite › LMT Lastmile Trust Score Section › should display postal code-specific feature" classname="landing-page.spec.ts" time="0">
<skipped>
</skipped>
</testcase>
<testcase name="Landing Page - Complete Test Suite › LMT Lastmile Trust Score Section › should display real customer data feature" classname="landing-page.spec.ts" time="0">
<skipped>
</skipped>
</testcase>
<testcase name="Landing Page - Complete Test Suite › LMT Lastmile Trust Score Section › should display global rating badge" classname="landing-page.spec.ts" time="0">
<skipped>
</skipped>
</testcase>
<testcase name="Landing Page - Complete Test Suite › Dynamic Checkout Section › should display dynamic checkout heading" classname="landing-page.spec.ts" time="0">
<skipped>
</skipped>
</testcase>
<testcase name="Landing Page - Complete Test Suite › Dynamic Checkout Section › should display courier options with LMT scores" classname="landing-page.spec.ts" time="0">
<skipped>
</skipped>
</testcase>
<testcase name="Landing Page - Complete Test Suite › Dynamic Checkout Section › should display how it works steps" classname="landing-page.spec.ts" time="0">
<skipped>
</skipped>
</testcase>
<testcase name="Landing Page - Complete Test Suite › Predictive Delivery Section › should display predictive delivery heading" classname="landing-page.spec.ts" time="0">
<skipped>
</skipped>
</testcase>
<testcase name="Landing Page - Complete Test Suite › Predictive Delivery Section › should display time predictions" classname="landing-page.spec.ts" time="0">
<skipped>
</skipped>
</testcase>
<testcase name="Landing Page - Complete Test Suite › Claims &amp; RMA Section › should display claims heading" classname="landing-page.spec.ts" time="0">
<skipped>
</skipped>
</testcase>
<testcase name="Landing Page - Complete Test Suite › Claims &amp; RMA Section › should display 8 claim types" classname="landing-page.spec.ts" time="0">
<skipped>
</skipped>
</testcase>
<testcase name="Landing Page - Complete Test Suite › Claims &amp; RMA Section › should display claim types centered" classname="landing-page.spec.ts" time="0">
<skipped>
</skipped>
</testcase>
<testcase name="Landing Page - Complete Test Suite › C2C Shipping Section › should display C2C heading" classname="landing-page.spec.ts" time="0">
<skipped>
</skipped>
</testcase>
<testcase name="Landing Page - Complete Test Suite › C2C Shipping Section › should display 3-step process" classname="landing-page.spec.ts" time="0">
<skipped>
</skipped>
</testcase>
<testcase name="Landing Page - Complete Test Suite › C2C Shipping Section › should display key features" classname="landing-page.spec.ts" time="0">
<skipped>
</skipped>
</testcase>
<testcase name="Landing Page - Complete Test Suite › C2C Shipping Section › should NOT display margin or revenue information" classname="landing-page.spec.ts" time="0">
<skipped>
</skipped>
</testcase>
<testcase name="Landing Page - Complete Test Suite › C2C Shipping Section › should have Start Shipping Now button" classname="landing-page.spec.ts" time="0">
<skipped>
</skipped>
</testcase>
<testcase name="Landing Page - Complete Test Suite › Partner Logos Section › should display partner heading" classname="landing-page.spec.ts" time="0">
<skipped>
</skipped>
</testcase>
<testcase name="Landing Page - Complete Test Suite › Partner Logos Section › should display courier logos" classname="landing-page.spec.ts" time="0">
<skipped>
</skipped>
</testcase>
<testcase name="Landing Page - Complete Test Suite › Partner Logos Section › should have grayscale logos that turn color on hover" classname="landing-page.spec.ts" time="0">
<skipped>
</skipped>
</testcase>
<testcase name="Landing Page - Complete Test Suite › Product Screenshots Section › should display screenshots heading" classname="landing-page.spec.ts" time="0">
<skipped>
</skipped>
</testcase>
<testcase name="Landing Page - Complete Test Suite › Product Screenshots Section › should display 4 screenshot cards" classname="landing-page.spec.ts" time="0">
<skipped>
</skipped>
</testcase>
<testcase name="Landing Page - Complete Test Suite › Product Screenshots Section › should display screenshot images" classname="landing-page.spec.ts" time="0">
<skipped>
</skipped>
</testcase>
<testcase name="Landing Page - Complete Test Suite › Pricing Comparison Section › should display comparison heading" classname="landing-page.spec.ts" time="0">
<skipped>
</skipped>
</testcase>
<testcase name="Landing Page - Complete Test Suite › Pricing Comparison Section › should display comparison table" classname="landing-page.spec.ts" time="0">
<skipped>
</skipped>
</testcase>
<testcase name="Landing Page - Complete Test Suite › Pricing Comparison Section › should highlight unique features" classname="landing-page.spec.ts" time="0">
<skipped>
</skipped>
</testcase>
<testcase name="Landing Page - Complete Test Suite › Pricing Comparison Section › should display pricing" classname="landing-page.spec.ts" time="0">
<skipped>
</skipped>
</testcase>
<testcase name="Landing Page - Complete Test Suite › Pricing Comparison Section › should display unique advantages cards" classname="landing-page.spec.ts" time="0">
<skipped>
</skipped>
</testcase>
<testcase name="Landing Page - Complete Test Suite › Testimonials Section › should display testimonials heading" classname="landing-page.spec.ts" time="0">
<skipped>
</skipped>
</testcase>
<testcase name="Landing Page - Complete Test Suite › Testimonials Section › should display testimonial cards" classname="landing-page.spec.ts" time="0">
<skipped>
</skipped>
</testcase>
<testcase name="Landing Page - Complete Test Suite › Testimonials Section › should display 5-star ratings" classname="landing-page.spec.ts" time="0">
<skipped>
</skipped>
</testcase>
<testcase name="Landing Page - Complete Test Suite › FAQ Section › should display FAQ heading" classname="landing-page.spec.ts" time="0">
<skipped>
</skipped>
</testcase>
<testcase name="Landing Page - Complete Test Suite › FAQ Section › should have expandable FAQ items" classname="landing-page.spec.ts" time="0">
<skipped>
</skipped>
</testcase>
<testcase name="Landing Page - Complete Test Suite › FAQ Section › should display global payment methods" classname="landing-page.spec.ts" time="0">
<skipped>
</skipped>
</testcase>
<testcase name="Landing Page - Complete Test Suite › Newsletter Section › should display newsletter signup" classname="landing-page.spec.ts" time="0">
<skipped>
</skipped>
</testcase>
<testcase name="Landing Page - Complete Test Suite › Newsletter Section › should have email input and subscribe button" classname="landing-page.spec.ts" time="0">
<skipped>
</skipped>
</testcase>
<testcase name="Landing Page - Complete Test Suite › Responsive Design › should be mobile responsive" classname="landing-page.spec.ts" time="0">
<skipped>
</skipped>
</testcase>
<testcase name="Landing Page - Complete Test Suite › Responsive Design › should be tablet responsive" classname="landing-page.spec.ts" time="0">
<skipped>
</skipped>
</testcase>
<testcase name="Landing Page - Complete Test Suite › Performance › should load within reasonable time" classname="landing-page.spec.ts" time="0">
<skipped>
</skipped>
</testcase>
<testcase name="Landing Page - Complete Test Suite › Performance › should have no console errors" classname="landing-page.spec.ts" time="0">
<skipped>
</skipped>
</testcase>
<testcase name="Landing Page - Complete Test Suite › SEO and Accessibility › should have proper page title" classname="landing-page.spec.ts" time="0">
<skipped>
</skipped>
</testcase>
<testcase name="Landing Page - Complete Test Suite › SEO and Accessibility › should have meta description" classname="landing-page.spec.ts" time="0">
<skipped>
</skipped>
</testcase>
<testcase name="Landing Page - Complete Test Suite › SEO and Accessibility › should have proper heading hierarchy" classname="landing-page.spec.ts" time="0">
<skipped>
</skipped>
</testcase>
<testcase name="Landing Page - Complete Test Suite › SEO and Accessibility › should have alt text on images" classname="landing-page.spec.ts" time="0">
<skipped>
</skipped>
</testcase>
<testcase name="Landing Page - Complete Test Suite › Links and Navigation › should have no broken internal links" classname="landing-page.spec.ts" time="0">
<skipped>
</skipped>
</testcase>
</testsuite>
</testsuites>